========================================================================
[evaluate] genome:      gen_86
[evaluate] program:     /workspace/ShinkaEvolveCarePD/results/care_pd_full/gen_86/main.py
[evaluate] results_dir: /workspace/ShinkaEvolveCarePD/results/care_pd_full/gen_86/results
[evaluate] care_pd_dir: /workspace/CARE-PD
[evaluate] gpu:         CUDA  device=NVIDIA RTX A5000  vram=25.3GB  gpus=1
========================================================================
[evaluate] Loading dataset from /workspace/CARE-PD/assets/datasets/BMCLab.pkl ...
[evaluate] Dataset loaded in 0.11s
[evaluate] subjects=23  walks=781  label_dist={0:341, 1:276, 2:164}  folds=6
[evaluate] Pretrained checkpoints available:
  mixste: best_epoch_cpn_81f.bin (404.7MB)
  momask: opt.txt (0.0MB), .DS_Store (0.0MB), net_best_fid.tar (84.1MB)
  motionagformer: motionagformer-s-h36m.pth.tr (59.8MB)
  motionbert: motionbert.bin (170.0MB)
  motionbertlite: latest_epoch.bin (64.1MB)
  motionclip: motionclip_encoder_checkpoint_0100.pth.tar (77.9MB), .DS_Store (0.0MB)
  poseformerv2: 27_243_45.2.bin (172.8MB), 9_81_46.0.bin (172.5MB), .DS_Store (0.0MB)
  potr: pre-trained_NTU_ckpt_epoch_199_enc_80_dec_20.pt (26.5MB)
========================================================================
[evaluate] Importing genome ...
[evaluate] Import OK (8.03s)
[evaluate] Running run_evaluation() ...
[genome] checkpoint: 2/101 layers loaded from motionclip_encoder_checkpoint_0100.pth.tar
[genome] Path A: Hybrid features (MotionCLIP + gait) → sklearn ensemble (device=cuda)
  fold 1: macro_f1=0.4380  f1=[normal:0.458, mild:0.696, severe:0.160]
[genome] checkpoint: 2/101 layers loaded from motionclip_encoder_checkpoint_0100.pth.tar
[genome] Path A: Hybrid features (MotionCLIP + gait) → sklearn ensemble (device=cuda)
  fold 2: macro_f1=0.4824  f1=[normal:0.931, mild:0.071, severe:0.444]
[genome] checkpoint: 2/101 layers loaded from motionclip_encoder_checkpoint_0100.pth.tar
[genome] Path A: Hybrid features (MotionCLIP + gait) → sklearn ensemble (device=cuda)
  fold 3: macro_f1=0.4603  f1=[normal:0.680, mild:0.701, severe:0.000]
[genome] checkpoint: 2/101 layers loaded from motionclip_encoder_checkpoint_0100.pth.tar
[genome] Path A: Hybrid features (MotionCLIP + gait) → sklearn ensemble (device=cuda)
  fold 4: macro_f1=0.7880  f1=[normal:0.735, mild:0.822, severe:0.808]
[genome] checkpoint: 2/101 layers loaded from motionclip_encoder_checkpoint_0100.pth.tar
[genome] Path A: Hybrid features (MotionCLIP + gait) → sklearn ensemble (device=cuda)
  fold 5: macro_f1=0.4449  f1=[normal:0.704, mild:0.631, severe:0.000]
[genome] checkpoint: 2/101 layers loaded from motionclip_encoder_checkpoint_0100.pth.tar
[genome] Path A: Hybrid features (MotionCLIP + gait) → sklearn ensemble (device=cuda)
  fold 6: macro_f1=0.4326  f1=[normal:0.617, mild:0.000, severe:0.680]

[result] macro_f1=0.5900  f1_class=[normal:0.7238, mild:0.6342, severe:0.4121]  device=cuda
========================================================================
[evaluate] RESULTS — gen_86
  macro_f1        : 0.5900   (baseline 0.5650, LOSO SOTA 0.68)
  f1_class0_normal: 0.7238   (n=341 walks)
  f1_class1_mild  : 0.6342   (n=276 walks)
  f1_class2_severe: 0.4121   (n=164 walks)  ← clinically most important
  n_walks_total   : 781
  eval_time       : 1444.5s
  confusion_matrix:
    pred→  [0]   [1]   [2]
    true[0] normal: [245, 53, 43]
    true[1] mild  : [45, 176, 55]
    true[2] severe: [46, 50, 68]
  per_fold_f1:
    fold 1: 0.4380  (test=159, train=622)
    fold 2: 0.4824  (test=122, train=659)
    fold 3: 0.4603  (test=143, train=638)
    fold 4: 0.7880  (test=115, train=666)
    fold 5: 0.4449  (test=135, train=646)
    fold 6: 0.4326  (test=107, train=674)
  pred_dist  : {0: 336, 1: 279, 2: 166}
  label_dist : {0: 341, 1: 276, 2: 164}
========================================================================
[evaluate] Leaderboard updated: /workspace/ShinkaEvolveCarePD/care_pd_task/leaderboard.csv
