========================================================================
[evaluate] genome:      gen_61
[evaluate] program:     /workspace/ShinkaEvolveCarePD/results/care_pd_full/gen_61/main.py
[evaluate] results_dir: /workspace/ShinkaEvolveCarePD/results/care_pd_full/gen_61/results
[evaluate] care_pd_dir: /workspace/CARE-PD
[evaluate] gpu:         CUDA  device=NVIDIA RTX A5000  vram=25.3GB  gpus=1
========================================================================
[evaluate] Loading dataset from /workspace/CARE-PD/assets/datasets/BMCLab.pkl ...
[evaluate] Dataset loaded in 0.16s
[evaluate] subjects=23  walks=781  label_dist={0:341, 1:276, 2:164}  folds=6
[evaluate] Pretrained checkpoints available:
  mixste: best_epoch_cpn_81f.bin (404.7MB)
  momask: opt.txt (0.0MB), .DS_Store (0.0MB), net_best_fid.tar (84.1MB)
  motionagformer: motionagformer-s-h36m.pth.tr (59.8MB)
  motionbert: motionbert.bin (170.0MB)
  motionbertlite: latest_epoch.bin (64.1MB)
  motionclip: motionclip_encoder_checkpoint_0100.pth.tar (77.9MB), .DS_Store (0.0MB)
  poseformerv2: 27_243_45.2.bin (172.8MB), 9_81_46.0.bin (172.5MB), .DS_Store (0.0MB)
  potr: pre-trained_NTU_ckpt_epoch_199_enc_80_dec_20.pt (26.5MB)
========================================================================
[evaluate] Importing genome ...
[evaluate] Import OK (8.21s)
[evaluate] Running run_evaluation() ...
[genome] Extracting comprehensive gait features...
[genome] Feature dimensions: 3376
[genome] Training ensemble on 622 samples
[genome] XGBoost not available, using 3-model ensemble
  fold 1: macro_f1=0.4716  f1=[normal:0.455, mild:0.763, severe:0.198]
[genome] Extracting comprehensive gait features...
[genome] Feature dimensions: 3376
[genome] Training ensemble on 659 samples
[genome] XGBoost not available, using 3-model ensemble
  fold 2: macro_f1=0.4594  f1=[normal:0.946, mild:0.000, severe:0.432]
[genome] Extracting comprehensive gait features...
[genome] Feature dimensions: 3376
[genome] Training ensemble on 638 samples
[genome] XGBoost not available, using 3-model ensemble
  fold 3: macro_f1=0.5258  f1=[normal:0.792, mild:0.785, severe:0.000]
[genome] Extracting comprehensive gait features...
[genome] Feature dimensions: 3376
[genome] Training ensemble on 666 samples
[genome] XGBoost not available, using 3-model ensemble
  fold 4: macro_f1=0.5683  f1=[normal:0.714, mild:0.409, severe:0.581]
[genome] Extracting comprehensive gait features...
[genome] Feature dimensions: 3376
[genome] Training ensemble on 646 samples
[genome] XGBoost not available, using 3-model ensemble
  fold 5: macro_f1=0.4541  f1=[normal:0.730, mild:0.632, severe:0.000]
[genome] Extracting comprehensive gait features...
[genome] Feature dimensions: 3376
[genome] Training ensemble on 674 samples
[genome] XGBoost not available, using 3-model ensemble
  fold 6: macro_f1=0.4857  f1=[normal:0.634, mild:0.098, severe:0.725]

[result] macro_f1=0.5946  f1_class=[normal:0.7535, mild:0.5903, severe:0.4399]  device=cuda
========================================================================
[evaluate] RESULTS — gen_61
  macro_f1        : 0.5946   (baseline 0.5650, LOSO SOTA 0.68)
  f1_class0_normal: 0.7535   (n=341 walks)
  f1_class1_mild  : 0.5903   (n=276 walks)
  f1_class2_severe: 0.4399   (n=164 walks)  ← clinically most important
  n_walks_total   : 781
  eval_time       : 2470.4s
  confusion_matrix:
    pred→  [0]   [1]   [2]
    true[0] normal: [266, 47, 28]
    true[1] mild  : [50, 152, 74]
    true[2] severe: [49, 40, 75]
  per_fold_f1:
    fold 1: 0.4716  (test=159, train=622)
    fold 2: 0.4594  (test=122, train=659)
    fold 3: 0.5258  (test=143, train=638)
    fold 4: 0.5683  (test=115, train=666)
    fold 5: 0.4541  (test=135, train=646)
    fold 6: 0.4857  (test=107, train=674)
  pred_dist  : {0: 365, 1: 239, 2: 177}
  label_dist : {0: 341, 1: 276, 2: 164}
========================================================================
[evaluate] Leaderboard updated: /workspace/ShinkaEvolveCarePD/care_pd_task/leaderboard.csv
