========================================================================
[evaluate] genome:      gen_43
[evaluate] program:     /workspace/ShinkaEvolveCarePD/results/care_pd_full/gen_43/main.py
[evaluate] results_dir: /workspace/ShinkaEvolveCarePD/results/care_pd_full/gen_43/results
[evaluate] care_pd_dir: /workspace/CARE-PD
[evaluate] gpu:         CUDA  device=NVIDIA RTX A5000  vram=25.3GB  gpus=1
========================================================================
[evaluate] Loading dataset from /workspace/CARE-PD/assets/datasets/BMCLab.pkl ...
[evaluate] Dataset loaded in 0.10s
[evaluate] subjects=23  walks=781  label_dist={0:341, 1:276, 2:164}  folds=6
[evaluate] Pretrained checkpoints available:
  mixste: best_epoch_cpn_81f.bin (404.7MB)
  momask: opt.txt (0.0MB), .DS_Store (0.0MB), net_best_fid.tar (84.1MB)
  motionagformer: motionagformer-s-h36m.pth.tr (59.8MB)
  motionbert: motionbert.bin (170.0MB)
  motionbertlite: latest_epoch.bin (64.1MB)
  motionclip: motionclip_encoder_checkpoint_0100.pth.tar (77.9MB), .DS_Store (0.0MB)
  poseformerv2: 27_243_45.2.bin (172.8MB), 9_81_46.0.bin (172.5MB), .DS_Store (0.0MB)
  potr: pre-trained_NTU_ckpt_epoch_199_enc_80_dec_20.pt (26.5MB)
========================================================================
[evaluate] Importing genome ...
[evaluate] Import OK (7.71s)
[evaluate] Running run_evaluation() ...
[genome] Class weights: {0: 0.6458982346832814, 1: 0.9467275494672754, 2: 2.5284552845528454}
[genome] Train class dist: [321 219  82]
[genome] Extracting handcrafted gait features...
[genome] Gait feature dim: 1426
[genome] checkpoint: 2/101 layers loaded from motionclip_encoder_checkpoint_0100.pth.tar
[genome] Augmenting with MotionCLIP embeddings (device=cuda)
[genome] Combined feature dim: 1938
[genome] Fitting RandomForest...
[genome] Fitting GradientBoosting...
[genome] Running soft voting ensemble...
  fold 1: macro_f1=0.4780  f1=[normal:0.360, mild:0.803, severe:0.271]
[genome] Class weights: {0: 0.8893387314439946, 1: 0.8580729166666666, 2: 1.4081196581196582}
[genome] Train class dist: [247 256 156]
[genome] Extracting handcrafted gait features...
[genome] Gait feature dim: 1426
[genome] checkpoint: 2/101 layers loaded from motionclip_encoder_checkpoint_0100.pth.tar
[genome] Augmenting with MotionCLIP embeddings (device=cuda)
[genome] Combined feature dim: 1938
[genome] Fitting RandomForest...
[genome] Fitting GradientBoosting...
[genome] Running soft voting ensemble...
  fold 2: macro_f1=0.4099  f1=[normal:0.935, mild:0.000, severe:0.294]
[genome] Class weights: {0: 0.8179487179487179, 1: 0.9937694704049844, 2: 1.2967479674796747}
[genome] Train class dist: [260 214 164]
[genome] Extracting handcrafted gait features...
[genome] Gait feature dim: 1426
[genome] checkpoint: 2/101 layers loaded from motionclip_encoder_checkpoint_0100.pth.tar
[genome] Augmenting with MotionCLIP embeddings (device=cuda)
[genome] Combined feature dim: 1938
[genome] Fitting RandomForest...
[genome] Fitting GradientBoosting...
[genome] Running soft voting ensemble...
  fold 3: macro_f1=0.5435  f1=[normal:0.830, mild:0.800, severe:0.000]
[genome] Class weights: {0: 0.7161290322580646, 1: 1.018348623853211, 2: 1.608695652173913}
[genome] Train class dist: [310 218 138]
[genome] Extracting handcrafted gait features...
[genome] Gait feature dim: 1426
[genome] checkpoint: 2/101 layers loaded from motionclip_encoder_checkpoint_0100.pth.tar
[genome] Augmenting with MotionCLIP embeddings (device=cuda)
[genome] Combined feature dim: 1938
[genome] Fitting RandomForest...
[genome] Fitting GradientBoosting...
[genome] Running soft voting ensemble...
  fold 4: macro_f1=0.6029  f1=[normal:0.644, mild:0.642, severe:0.523]
[genome] Class weights: {0: 0.8156565656565656, 1: 0.9241773962804005, 2: 1.4451901565995526}
[genome] Train class dist: [264 233 149]
[genome] Extracting handcrafted gait features...
[genome] Gait feature dim: 1426
[genome] checkpoint: 2/101 layers loaded from motionclip_encoder_checkpoint_0100.pth.tar
[genome] Augmenting with MotionCLIP embeddings (device=cuda)
[genome] Combined feature dim: 1938
[genome] Fitting RandomForest...
[genome] Fitting GradientBoosting...
[genome] Running soft voting ensemble...
  fold 5: macro_f1=0.4587  f1=[normal:0.721, mild:0.655, severe:0.000]
[genome] Class weights: {0: 0.7414741474147415, 1: 0.9361111111111111, 2: 1.7150127226463103}
[genome] Train class dist: [303 240 131]
[genome] Extracting handcrafted gait features...
[genome] Gait feature dim: 1426
[genome] checkpoint: 2/101 layers loaded from motionclip_encoder_checkpoint_0100.pth.tar
[genome] Augmenting with MotionCLIP embeddings (device=cuda)
[genome] Combined feature dim: 1938
[genome] Fitting RandomForest...
[genome] Fitting GradientBoosting...
[genome] Running soft voting ensemble...
  fold 6: macro_f1=0.4083  f1=[normal:0.571, mild:0.000, severe:0.653]

[result] macro_f1=0.5980  f1_class=[normal:0.7298, mild:0.6406, severe:0.4237]  device=cuda
========================================================================
[evaluate] RESULTS — gen_43
  macro_f1        : 0.5980   (baseline 0.5650, LOSO SOTA 0.68)
  f1_class0_normal: 0.7298   (n=341 walks)
  f1_class1_mild  : 0.6406   (n=276 walks)
  f1_class2_severe: 0.4237   (n=164 walks)  ← clinically most important
  n_walks_total   : 781
  eval_time       : 1005.4s
  confusion_matrix:
    pred→  [0]   [1]   [2]
    true[0] normal: [266, 44, 31]
    true[1] mild  : [54, 164, 58]
    true[2] severe: [68, 28, 68]
  per_fold_f1:
    fold 1: 0.4780  (test=159, train=622)
    fold 2: 0.4099  (test=122, train=659)
    fold 3: 0.5435  (test=143, train=638)
    fold 4: 0.6029  (test=115, train=666)
    fold 5: 0.4587  (test=135, train=646)
    fold 6: 0.4083  (test=107, train=674)
  pred_dist  : {0: 388, 1: 236, 2: 157}
  label_dist : {0: 341, 1: 276, 2: 164}
========================================================================
[evaluate] Leaderboard updated: /workspace/ShinkaEvolveCarePD/care_pd_task/leaderboard.csv
