========================================================================
[evaluate] genome:      gen_31
[evaluate] program:     /workspace/ShinkaEvolveCarePD/results/care_pd_full/gen_31/main.py
[evaluate] results_dir: /workspace/ShinkaEvolveCarePD/results/care_pd_full/gen_31/results
[evaluate] care_pd_dir: /workspace/CARE-PD
[evaluate] gpu:         CUDA  device=NVIDIA RTX A5000  vram=25.3GB  gpus=1
========================================================================
[evaluate] Loading dataset from /workspace/CARE-PD/assets/datasets/BMCLab.pkl ...
[evaluate] Dataset loaded in 0.20s
[evaluate] subjects=23  walks=781  label_dist={0:341, 1:276, 2:164}  folds=6
[evaluate] Pretrained checkpoints available:
  mixste: best_epoch_cpn_81f.bin (404.7MB)
  momask: opt.txt (0.0MB), .DS_Store (0.0MB), net_best_fid.tar (84.1MB)
  motionagformer: motionagformer-s-h36m.pth.tr (59.8MB)
  motionbert: motionbert.bin (170.0MB)
  motionbertlite: latest_epoch.bin (64.1MB)
  motionclip: motionclip_encoder_checkpoint_0100.pth.tar (77.9MB), .DS_Store (0.0MB)
  poseformerv2: 27_243_45.2.bin (172.8MB), 9_81_46.0.bin (172.5MB), .DS_Store (0.0MB)
  potr: pre-trained_NTU_ckpt_epoch_199_enc_80_dec_20.pt (26.5MB)
========================================================================
[evaluate] Importing genome ...
[evaluate] Import OK (29.43s)
[evaluate] Running run_evaluation() ...
[genome] Extracting handcrafted gait features...
[genome] checkpoint: 2/101 layers loaded from motionclip_encoder_checkpoint_0100.pth.tar
[genome] Adding MotionCLIP features (device=cuda)
[genome] Combined features: 1995 dims
[genome] Training sklearn voting ensemble on 1995-dim features
  fold 1: macro_f1=0.4734  f1=[normal:0.450, mild:0.736, severe:0.234]
[genome] Extracting handcrafted gait features...
[genome] checkpoint: 2/101 layers loaded from motionclip_encoder_checkpoint_0100.pth.tar
[genome] Adding MotionCLIP features (device=cuda)
[genome] Combined features: 1995 dims
[genome] Training sklearn voting ensemble on 1995-dim features
  fold 2: macro_f1=0.5252  f1=[normal:0.880, mild:0.000, severe:0.696]
[genome] Extracting handcrafted gait features...
[genome] checkpoint: 2/101 layers loaded from motionclip_encoder_checkpoint_0100.pth.tar
[genome] Adding MotionCLIP features (device=cuda)
[genome] Combined features: 1995 dims
[genome] Training sklearn voting ensemble on 1995-dim features
  fold 3: macro_f1=0.5233  f1=[normal:0.843, mild:0.727, severe:0.000]
[genome] Extracting handcrafted gait features...
[genome] checkpoint: 2/101 layers loaded from motionclip_encoder_checkpoint_0100.pth.tar
[genome] Adding MotionCLIP features (device=cuda)
[genome] Combined features: 1995 dims
[genome] Training sklearn voting ensemble on 1995-dim features
  fold 4: macro_f1=0.7500  f1=[normal:0.808, mild:0.806, severe:0.636]
[genome] Extracting handcrafted gait features...
[genome] checkpoint: 2/101 layers loaded from motionclip_encoder_checkpoint_0100.pth.tar
[genome] Adding MotionCLIP features (device=cuda)
[genome] Combined features: 1995 dims
[genome] Training sklearn voting ensemble on 1995-dim features
  fold 5: macro_f1=0.4675  f1=[normal:0.831, mild:0.571, severe:0.000]
[genome] Extracting handcrafted gait features...
[genome] checkpoint: 2/101 layers loaded from motionclip_encoder_checkpoint_0100.pth.tar
[genome] Adding MotionCLIP features (device=cuda)
[genome] Combined features: 1995 dims
[genome] Training sklearn voting ensemble on 1995-dim features
  fold 6: macro_f1=0.4793  f1=[normal:0.713, mild:0.000, severe:0.725]

[result] macro_f1=0.6356  f1_class=[normal:0.7909, mild:0.6429, severe:0.4731]  device=cuda
========================================================================
[evaluate] RESULTS — gen_31
  macro_f1        : 0.6356   (baseline 0.5650, LOSO SOTA 0.68)
  f1_class0_normal: 0.7909   (n=341 walks)
  f1_class1_mild  : 0.6429   (n=276 walks)
  f1_class2_severe: 0.4731   (n=164 walks)  ← clinically most important
  n_walks_total   : 781
  eval_time       : 1138.1s
  confusion_matrix:
    pred→  [0]   [1]   [2]
    true[0] normal: [297, 27, 17]
    true[1] mild  : [73, 171, 32]
    true[2] severe: [40, 58, 66]
  per_fold_f1:
    fold 1: 0.4734  (test=159, train=622)
    fold 2: 0.5252  (test=122, train=659)
    fold 3: 0.5233  (test=143, train=638)
    fold 4: 0.7500  (test=115, train=666)
    fold 5: 0.4675  (test=135, train=646)
    fold 6: 0.4793  (test=107, train=674)
  pred_dist  : {0: 410, 1: 256, 2: 115}
  label_dist : {0: 341, 1: 276, 2: 164}
========================================================================
[evaluate] Leaderboard updated: /workspace/ShinkaEvolveCarePD/care_pd_task/leaderboard.csv
