========================================================================
[evaluate] genome:      gen_51
[evaluate] program:     /workspace/ShinkaEvolveCarePD/results/care_pd_full/gen_51/main.py
[evaluate] results_dir: /workspace/ShinkaEvolveCarePD/results/care_pd_full/gen_51/results
[evaluate] care_pd_dir: /workspace/CARE-PD
[evaluate] gpu:         CUDA  device=NVIDIA RTX A5000  vram=25.3GB  gpus=1
========================================================================
[evaluate] Loading dataset from /workspace/CARE-PD/assets/datasets/BMCLab.pkl ...
[evaluate] Dataset loaded in 0.41s
[evaluate] subjects=23  walks=781  label_dist={0:341, 1:276, 2:164}  folds=6
[evaluate] Pretrained checkpoints available:
  mixste: best_epoch_cpn_81f.bin (404.7MB)
  momask: opt.txt (0.0MB), .DS_Store (0.0MB), net_best_fid.tar (84.1MB)
  motionagformer: motionagformer-s-h36m.pth.tr (59.8MB)
  motionbert: motionbert.bin (170.0MB)
  motionbertlite: latest_epoch.bin (64.1MB)
  motionclip: motionclip_encoder_checkpoint_0100.pth.tar (77.9MB), .DS_Store (0.0MB)
  poseformerv2: 27_243_45.2.bin (172.8MB), 9_81_46.0.bin (172.5MB), .DS_Store (0.0MB)
  potr: pre-trained_NTU_ckpt_epoch_199_enc_80_dec_20.pt (26.5MB)
========================================================================
[evaluate] Importing genome ...
[evaluate] Import OK (10.19s)
[evaluate] Running run_evaluation() ...
[genome] Extracting handcrafted gait features...
[genome] checkpoint: 2/101 layers loaded from motionclip_encoder_checkpoint_0100.pth.tar
[genome] Adding MotionCLIP features (device=cuda)
[genome] Combined features: 1707 dims
[genome] Training XGBoost classifier on 1707-dim features
[evaluate] RUN_EVALUATION FAILED after 14.56s
Traceback (most recent call last):
  File "/workspace/ShinkaEvolveCarePD/results/care_pd_full/evaluate.py", line 211, in main
    result = mod.run_evaluation(data=data, folds=folds, care_pd_dir=_CARE_PD)
             ^^^^^^^^^^^^^^^^^^^^^^^^^^^^^^^^^^^^^^^^^^^^^^^^^^^^^^^^^^^^^^^^
  File "/workspace/ShinkaEvolveCarePD/results/care_pd_full/gen_51/main.py", line 500, in run_evaluation
    preds = train_and_predict(tr_poses, y_tr, te_poses, care_pd_dir=care_pd_dir)
            ^^^^^^^^^^^^^^^^^^^^^^^^^^^^^^^^^^^^^^^^^^^^^^^^^^^^^^^^^^^^^^^^^^^^
  File "/workspace/ShinkaEvolveCarePD/results/care_pd_full/gen_51/main.py", line 466, in train_and_predict
    return train_xgboost_ensemble(feat_tr, y_train, feat_te)
           ^^^^^^^^^^^^^^^^^^^^^^^^^^^^^^^^^^^^^^^^^^^^^^^^^
  File "/workspace/ShinkaEvolveCarePD/results/care_pd_full/gen_51/main.py", line 243, in train_xgboost_ensemble
    from xgboost import XGBClassifier
ModuleNotFoundError: No module named 'xgboost'

