========================================================================
[evaluate] genome:      gen_56
[evaluate] program:     /workspace/ShinkaEvolveCarePD/results/care_pd_full/gen_56/main.py
[evaluate] results_dir: /workspace/ShinkaEvolveCarePD/results/care_pd_full/gen_56/results
[evaluate] care_pd_dir: /workspace/CARE-PD
[evaluate] gpu:         CUDA  device=NVIDIA RTX A5000  vram=25.3GB  gpus=1
========================================================================
[evaluate] Loading dataset from /workspace/CARE-PD/assets/datasets/BMCLab.pkl ...
[evaluate] Dataset loaded in 0.10s
[evaluate] subjects=23  walks=781  label_dist={0:341, 1:276, 2:164}  folds=6
[evaluate] Pretrained checkpoints available:
  mixste: best_epoch_cpn_81f.bin (404.7MB)
  momask: opt.txt (0.0MB), .DS_Store (0.0MB), net_best_fid.tar (84.1MB)
  motionagformer: motionagformer-s-h36m.pth.tr (59.8MB)
  motionbert: motionbert.bin (170.0MB)
  motionbertlite: latest_epoch.bin (64.1MB)
  motionclip: motionclip_encoder_checkpoint_0100.pth.tar (77.9MB), .DS_Store (0.0MB)
  poseformerv2: 27_243_45.2.bin (172.8MB), 9_81_46.0.bin (172.5MB), .DS_Store (0.0MB)
  potr: pre-trained_NTU_ckpt_epoch_199_enc_80_dec_20.pt (26.5MB)
========================================================================
[evaluate] Importing genome ...
[evaluate] Import OK (7.70s)
[evaluate] Running run_evaluation() ...
[genome] checkpoint: 2/101 layers loaded from motionclip_encoder_checkpoint_0100.pth.tar
[genome] Path A: Hybrid features (MotionCLIP + gait) → sklearn ensemble (device=cuda)
  fold 1: macro_f1=0.4257  f1=[normal:0.412, mild:0.687, severe:0.178]
[genome] checkpoint: 2/101 layers loaded from motionclip_encoder_checkpoint_0100.pth.tar
[genome] Path A: Hybrid features (MotionCLIP + gait) → sklearn ensemble (device=cuda)
  fold 2: macro_f1=0.5278  f1=[normal:0.822, mild:0.000, severe:0.762]
[genome] checkpoint: 2/101 layers loaded from motionclip_encoder_checkpoint_0100.pth.tar
[genome] Path A: Hybrid features (MotionCLIP + gait) → sklearn ensemble (device=cuda)
  fold 3: macro_f1=0.5596  f1=[normal:0.898, mild:0.781, severe:0.000]
[genome] checkpoint: 2/101 layers loaded from motionclip_encoder_checkpoint_0100.pth.tar
[genome] Path A: Hybrid features (MotionCLIP + gait) → sklearn ensemble (device=cuda)
  fold 4: macro_f1=0.5418  f1=[normal:0.780, mild:0.404, severe:0.442]
[genome] checkpoint: 2/101 layers loaded from motionclip_encoder_checkpoint_0100.pth.tar
[genome] Path A: Hybrid features (MotionCLIP + gait) → sklearn ensemble (device=cuda)
  fold 5: macro_f1=0.4712  f1=[normal:0.789, mild:0.625, severe:0.000]
[genome] checkpoint: 2/101 layers loaded from motionclip_encoder_checkpoint_0100.pth.tar
[genome] Path A: Hybrid features (MotionCLIP + gait) → sklearn ensemble (device=cuda)
  fold 6: macro_f1=0.4565  f1=[normal:0.675, mild:0.000, severe:0.695]

[result] macro_f1=0.5790  f1_class=[normal:0.7601, mild:0.5426, severe:0.4342]  device=cuda
========================================================================
[evaluate] RESULTS — gen_56
  macro_f1        : 0.5790   (baseline 0.5650, LOSO SOTA 0.68)
  f1_class0_normal: 0.7601   (n=341 walks)
  f1_class1_mild  : 0.5426   (n=276 walks)
  f1_class2_severe: 0.4342   (n=164 walks)  ← clinically most important
  n_walks_total   : 781
  eval_time       : 908.0s
  confusion_matrix:
    pred→  [0]   [1]   [2]
    true[0] normal: [282, 49, 10]
    true[1] mild  : [72, 140, 64]
    true[2] severe: [47, 51, 66]
  per_fold_f1:
    fold 1: 0.4257  (test=159, train=622)
    fold 2: 0.5278  (test=122, train=659)
    fold 3: 0.5596  (test=143, train=638)
    fold 4: 0.5418  (test=115, train=666)
    fold 5: 0.4712  (test=135, train=646)
    fold 6: 0.4565  (test=107, train=674)
  pred_dist  : {0: 401, 1: 240, 2: 140}
  label_dist : {0: 341, 1: 276, 2: 164}
========================================================================
[evaluate] Leaderboard updated: /workspace/ShinkaEvolveCarePD/care_pd_task/leaderboard.csv
