========================================================================
[evaluate] genome:      gen_81
[evaluate] program:     /workspace/ShinkaEvolveCarePD/results/care_pd_full/gen_81/main.py
[evaluate] results_dir: /workspace/ShinkaEvolveCarePD/results/care_pd_full/gen_81/results
[evaluate] care_pd_dir: /workspace/CARE-PD
[evaluate] gpu:         CUDA  device=NVIDIA RTX A5000  vram=25.3GB  gpus=1
========================================================================
[evaluate] Loading dataset from /workspace/CARE-PD/assets/datasets/BMCLab.pkl ...
[evaluate] Dataset loaded in 0.16s
[evaluate] subjects=23  walks=781  label_dist={0:341, 1:276, 2:164}  folds=6
[evaluate] Pretrained checkpoints available:
  mixste: best_epoch_cpn_81f.bin (404.7MB)
  momask: opt.txt (0.0MB), .DS_Store (0.0MB), net_best_fid.tar (84.1MB)
  motionagformer: motionagformer-s-h36m.pth.tr (59.8MB)
  motionbert: motionbert.bin (170.0MB)
  motionbertlite: latest_epoch.bin (64.1MB)
  motionclip: motionclip_encoder_checkpoint_0100.pth.tar (77.9MB), .DS_Store (0.0MB)
  poseformerv2: 27_243_45.2.bin (172.8MB), 9_81_46.0.bin (172.5MB), .DS_Store (0.0MB)
  potr: pre-trained_NTU_ckpt_epoch_199_enc_80_dec_20.pt (26.5MB)
========================================================================
[evaluate] Importing genome ...
[evaluate] Import OK (9.69s)
[evaluate] Running run_evaluation() ...
[genome] Extracting handcrafted gait features...
[genome] Adding MotionCLIP features (device=cuda)
[genome] Combined features: 1995 dims
[genome] Training calibrated sklearn ensemble on 1995-dim features
  fold 1: macro_f1=0.3948  f1=[normal:0.358, mild:0.628, severe:0.198]
[genome] Extracting handcrafted gait features...
[genome] Adding MotionCLIP features (device=cuda)
[genome] Combined features: 1995 dims
[genome] Training calibrated sklearn ensemble on 1995-dim features
  fold 2: macro_f1=0.4297  f1=[normal:0.926, mild:0.077, severe:0.286]
[genome] Extracting handcrafted gait features...
[genome] Adding MotionCLIP features (device=cuda)
[genome] Combined features: 1995 dims
[genome] Training calibrated sklearn ensemble on 1995-dim features
  fold 3: macro_f1=0.5647  f1=[normal:0.894, mild:0.800, severe:0.000]
[genome] Extracting handcrafted gait features...
[genome] Adding MotionCLIP features (device=cuda)
[genome] Combined features: 1995 dims
[genome] Training calibrated sklearn ensemble on 1995-dim features
  fold 4: macro_f1=0.5913  f1=[normal:0.755, mild:0.444, severe:0.575]
[genome] Extracting handcrafted gait features...
[genome] Adding MotionCLIP features (device=cuda)
[genome] Combined features: 1995 dims
[genome] Training calibrated sklearn ensemble on 1995-dim features
  fold 5: macro_f1=0.3749  f1=[normal:0.617, mild:0.508, severe:0.000]
[genome] Extracting handcrafted gait features...
[genome] Adding MotionCLIP features (device=cuda)
[genome] Combined features: 1995 dims
[genome] Training calibrated sklearn ensemble on 1995-dim features
  fold 6: macro_f1=0.4640  f1=[normal:0.682, mild:0.000, severe:0.710]

[result] macro_f1=0.5686  f1_class=[normal:0.7408, mild:0.5280, severe:0.4369]  device=cuda
========================================================================
[evaluate] RESULTS — gen_81
  macro_f1        : 0.5686   (baseline 0.5650, LOSO SOTA 0.68)
  f1_class0_normal: 0.7408   (n=341 walks)
  f1_class1_mild  : 0.528   (n=276 walks)
  f1_class2_severe: 0.4369   (n=164 walks)  ← clinically most important
  n_walks_total   : 781
  eval_time       : 1052.5s
  confusion_matrix:
    pred→  [0]   [1]   [2]
    true[0] normal: [273, 50, 18]
    true[1] mild  : [72, 132, 72]
    true[2] severe: [51, 42, 71]
  per_fold_f1:
    fold 1: 0.3948  (test=159, train=622)
    fold 2: 0.4297  (test=122, train=659)
    fold 3: 0.5647  (test=143, train=638)
    fold 4: 0.5913  (test=115, train=666)
    fold 5: 0.3749  (test=135, train=646)
    fold 6: 0.4640  (test=107, train=674)
  pred_dist  : {0: 396, 1: 224, 2: 161}
  label_dist : {0: 341, 1: 276, 2: 164}
========================================================================
[evaluate] Leaderboard updated: /workspace/ShinkaEvolveCarePD/care_pd_task/leaderboard.csv
