========================================================================
[evaluate] genome:      gen_44
[evaluate] program:     /workspace/ShinkaEvolveCarePD/results/care_pd_full/gen_44/main.py
[evaluate] results_dir: /workspace/ShinkaEvolveCarePD/results/care_pd_full/gen_44/results
[evaluate] care_pd_dir: /workspace/CARE-PD
[evaluate] gpu:         CUDA  device=NVIDIA RTX A5000  vram=25.3GB  gpus=1
========================================================================
[evaluate] Loading dataset from /workspace/CARE-PD/assets/datasets/BMCLab.pkl ...
[evaluate] Dataset loaded in 0.34s
[evaluate] subjects=23  walks=781  label_dist={0:341, 1:276, 2:164}  folds=6
[evaluate] Pretrained checkpoints available:
  mixste: best_epoch_cpn_81f.bin (404.7MB)
  momask: opt.txt (0.0MB), .DS_Store (0.0MB), net_best_fid.tar (84.1MB)
  motionagformer: motionagformer-s-h36m.pth.tr (59.8MB)
  motionbert: motionbert.bin (170.0MB)
  motionbertlite: latest_epoch.bin (64.1MB)
  motionclip: motionclip_encoder_checkpoint_0100.pth.tar (77.9MB), .DS_Store (0.0MB)
  poseformerv2: 27_243_45.2.bin (172.8MB), 9_81_46.0.bin (172.5MB), .DS_Store (0.0MB)
  potr: pre-trained_NTU_ckpt_epoch_199_enc_80_dec_20.pt (26.5MB)
========================================================================
[evaluate] Importing genome ...
[evaluate] Import OK (11.06s)
[evaluate] Running run_evaluation() ...
  fold 1: macro_f1=0.4431  f1=[normal:0.365, mild:0.727, severe:0.237]
  fold 2: macro_f1=0.4151  f1=[normal:0.904, mild:0.000, severe:0.341]
  fold 3: macro_f1=0.5389  f1=[normal:0.879, mild:0.738, severe:0.000]
  fold 4: macro_f1=0.6897  f1=[normal:0.772, mild:0.726, severe:0.571]
  fold 5: macro_f1=0.4255  f1=[normal:0.766, mild:0.510, severe:0.000]
  fold 6: macro_f1=0.4166  f1=[normal:0.590, mild:0.000, severe:0.660]

[result] macro_f1=0.5814  f1_class=[normal:0.7483, mild:0.5984, severe:0.3976]  device=cuda
========================================================================
[evaluate] RESULTS — gen_44
  macro_f1        : 0.5814   (baseline 0.5650, LOSO SOTA 0.68)
  f1_class0_normal: 0.7483   (n=341 walks)
  f1_class1_mild  : 0.5984   (n=276 walks)
  f1_class2_severe: 0.3976   (n=164 walks)  ← clinically most important
  n_walks_total   : 781
  eval_time       : 448.0s
  confusion_matrix:
    pred→  [0]   [1]   [2]
    true[0] normal: [272, 36, 33]
    true[1] mild  : [59, 152, 65]
    true[2] severe: [55, 44, 65]
  per_fold_f1:
    fold 1: 0.4431  (test=159, train=622)
    fold 2: 0.4151  (test=122, train=659)
    fold 3: 0.5389  (test=143, train=638)
    fold 4: 0.6897  (test=115, train=666)
    fold 5: 0.4255  (test=135, train=646)
    fold 6: 0.4166  (test=107, train=674)
  pred_dist  : {0: 386, 1: 232, 2: 163}
  label_dist : {0: 341, 1: 276, 2: 164}
========================================================================
[evaluate] Leaderboard updated: /workspace/ShinkaEvolveCarePD/care_pd_task/leaderboard.csv
