========================================================================
[evaluate] genome:      gen_72
[evaluate] program:     /workspace/ShinkaEvolveCarePD/results/care_pd_full/gen_72/main.py
[evaluate] results_dir: /workspace/ShinkaEvolveCarePD/results/care_pd_full/gen_72/results
[evaluate] care_pd_dir: /workspace/CARE-PD
[evaluate] gpu:         CUDA  device=NVIDIA RTX A5000  vram=25.3GB  gpus=1
========================================================================
[evaluate] Loading dataset from /workspace/CARE-PD/assets/datasets/BMCLab.pkl ...
[evaluate] Dataset loaded in 0.38s
[evaluate] subjects=23  walks=781  label_dist={0:341, 1:276, 2:164}  folds=6
[evaluate] Pretrained checkpoints available:
  mixste: best_epoch_cpn_81f.bin (404.7MB)
  momask: opt.txt (0.0MB), .DS_Store (0.0MB), net_best_fid.tar (84.1MB)
  motionagformer: motionagformer-s-h36m.pth.tr (59.8MB)
  motionbert: motionbert.bin (170.0MB)
  motionbertlite: latest_epoch.bin (64.1MB)
  motionclip: motionclip_encoder_checkpoint_0100.pth.tar (77.9MB), .DS_Store (0.0MB)
  poseformerv2: 27_243_45.2.bin (172.8MB), 9_81_46.0.bin (172.5MB), .DS_Store (0.0MB)
  potr: pre-trained_NTU_ckpt_epoch_199_enc_80_dec_20.pt (26.5MB)
========================================================================
[evaluate] Importing genome ...
[evaluate] Import OK (9.67s)
[evaluate] Running run_evaluation() ...
[genome] checkpoint: 2/101 layers loaded from motionclip_encoder_checkpoint_0100.pth.tar
[genome] Extracting handcrafted gait features...
[genome] Gait feature dim: 1973
[genome] Extracting MotionCLIP features (device=cuda)
[genome] Combined feature dim: 2997
[genome] Class weights: {0: np.float64(0.6458982346832814), 1: np.float64(0.9467275494672754), 2: np.float64(5.056910569105691)}
  fold 1: macro_f1=0.4414  f1=[normal:0.400, mild:0.650, severe:0.274]
[genome] checkpoint: 2/101 layers loaded from motionclip_encoder_checkpoint_0100.pth.tar
[genome] Extracting handcrafted gait features...
[genome] Gait feature dim: 1973
[genome] Extracting MotionCLIP features (device=cuda)
[genome] Combined feature dim: 2997
[genome] Class weights: {0: np.float64(0.8893387314439946), 1: np.float64(0.8580729166666666), 2: np.float64(2.8162393162393164)}
  fold 2: macro_f1=0.3980  f1=[normal:0.854, mild:0.000, severe:0.340]
[genome] checkpoint: 2/101 layers loaded from motionclip_encoder_checkpoint_0100.pth.tar
[genome] Extracting handcrafted gait features...
[genome] Gait feature dim: 1973
[genome] Extracting MotionCLIP features (device=cuda)
[genome] Combined feature dim: 2997
[genome] Class weights: {0: np.float64(0.8179487179487179), 1: np.float64(0.9937694704049844), 2: np.float64(2.5934959349593494)}
  fold 3: macro_f1=0.4776  f1=[normal:0.846, mild:0.587, severe:0.000]
[genome] checkpoint: 2/101 layers loaded from motionclip_encoder_checkpoint_0100.pth.tar
[genome] Extracting handcrafted gait features...
[genome] Gait feature dim: 1973
[genome] Extracting MotionCLIP features (device=cuda)
[genome] Combined feature dim: 2997
[genome] Class weights: {0: np.float64(0.7161290322580646), 1: np.float64(1.018348623853211), 2: np.float64(3.217391304347826)}
