========================================================================
[evaluate] genome:      gen_85
[evaluate] program:     /workspace/ShinkaEvolveCarePD/results/care_pd_full/gen_85/main.py
[evaluate] results_dir: /workspace/ShinkaEvolveCarePD/results/care_pd_full/gen_85/results
[evaluate] care_pd_dir: /workspace/CARE-PD
[evaluate] gpu:         CUDA  device=NVIDIA RTX A5000  vram=25.3GB  gpus=1
========================================================================
[evaluate] Loading dataset from /workspace/CARE-PD/assets/datasets/BMCLab.pkl ...
[evaluate] Dataset loaded in 0.35s
[evaluate] subjects=23  walks=781  label_dist={0:341, 1:276, 2:164}  folds=6
[evaluate] Pretrained checkpoints available:
  mixste: best_epoch_cpn_81f.bin (404.7MB)
  momask: opt.txt (0.0MB), .DS_Store (0.0MB), net_best_fid.tar (84.1MB)
  motionagformer: motionagformer-s-h36m.pth.tr (59.8MB)
  motionbert: motionbert.bin (170.0MB)
  motionbertlite: latest_epoch.bin (64.1MB)
  motionclip: motionclip_encoder_checkpoint_0100.pth.tar (77.9MB), .DS_Store (0.0MB)
  poseformerv2: 27_243_45.2.bin (172.8MB), 9_81_46.0.bin (172.5MB), .DS_Store (0.0MB)
  potr: pre-trained_NTU_ckpt_epoch_199_enc_80_dec_20.pt (26.5MB)
========================================================================
[evaluate] Importing genome ...
[evaluate] Import OK (9.91s)
[evaluate] Running run_evaluation() ...
[genome] Class weights: {0: 0.6458982346832814, 1: 0.9467275494672754, 2: 2.5284552845528454}
[genome] Train class dist: [321 219  82]
[genome] Extracting handcrafted gait features...
[genome] Gait feature dim: 1426
[genome] checkpoint: 2/101 layers loaded from motionclip_encoder_checkpoint_0100.pth.tar
[genome] Augmenting with MotionCLIP embeddings (device=cuda)
[genome] Combined feature dim: 1938
[genome] Fitting GradientBoosting...
[genome] Fitting Calibrated RandomForest...
[genome] Running soft voting ensemble with calibrated RF...
  fold 1: macro_f1=0.4495  f1=[normal:0.460, mild:0.652, severe:0.237]
[genome] Class weights: {0: 0.8893387314439946, 1: 0.8580729166666666, 2: 1.4081196581196582}
[genome] Train class dist: [247 256 156]
[genome] Extracting handcrafted gait features...
[genome] Gait feature dim: 1426
[genome] checkpoint: 2/101 layers loaded from motionclip_encoder_checkpoint_0100.pth.tar
[genome] Augmenting with MotionCLIP embeddings (device=cuda)
[genome] Combined feature dim: 1938
[genome] Fitting GradientBoosting...
[genome] Fitting Calibrated RandomForest...
[genome] Running soft voting ensemble with calibrated RF...
  fold 2: macro_f1=0.4984  f1=[normal:0.912, mild:0.000, severe:0.583]
[genome] Class weights: {0: 0.8179487179487179, 1: 0.9937694704049844, 2: 1.2967479674796747}
[genome] Train class dist: [260 214 164]
[genome] Extracting handcrafted gait features...
[genome] Gait feature dim: 1426
[genome] checkpoint: 2/101 layers loaded from motionclip_encoder_checkpoint_0100.pth.tar
[genome] Augmenting with MotionCLIP embeddings (device=cuda)
[genome] Combined feature dim: 1938
[genome] Fitting GradientBoosting...
[genome] Fitting Calibrated RandomForest...
[genome] Running soft voting ensemble with calibrated RF...
  fold 3: macro_f1=0.5569  f1=[normal:0.871, mild:0.800, severe:0.000]
[genome] Class weights: {0: 0.7161290322580646, 1: 1.018348623853211, 2: 1.608695652173913}
[genome] Train class dist: [310 218 138]
[genome] Extracting handcrafted gait features...
[genome] Gait feature dim: 1426
[genome] checkpoint: 2/101 layers loaded from motionclip_encoder_checkpoint_0100.pth.tar
[genome] Augmenting with MotionCLIP embeddings (device=cuda)
[genome] Combined feature dim: 1938
[genome] Fitting GradientBoosting...
[genome] Fitting Calibrated RandomForest...
[genome] Running soft voting ensemble with calibrated RF...
  fold 4: macro_f1=0.6012  f1=[normal:0.714, mild:0.489, severe:0.600]
[genome] Class weights: {0: 0.8156565656565656, 1: 0.9241773962804005, 2: 1.4451901565995526}
[genome] Train class dist: [264 233 149]
[genome] Extracting handcrafted gait features...
[genome] Gait feature dim: 1426
[genome] checkpoint: 2/101 layers loaded from motionclip_encoder_checkpoint_0100.pth.tar
[genome] Augmenting with MotionCLIP embeddings (device=cuda)
[genome] Combined feature dim: 1938
[genome] Fitting GradientBoosting...
[genome] Fitting Calibrated RandomForest...
[genome] Running soft voting ensemble with calibrated RF...
  fold 5: macro_f1=0.4393  f1=[normal:0.693, mild:0.625, severe:0.000]
[genome] Class weights: {0: 0.7414741474147415, 1: 0.9361111111111111, 2: 1.7150127226463103}
[genome] Train class dist: [303 240 131]
[genome] Extracting handcrafted gait features...
[genome] Gait feature dim: 1426
[genome] checkpoint: 2/101 layers loaded from motionclip_encoder_checkpoint_0100.pth.tar
[genome] Augmenting with MotionCLIP embeddings (device=cuda)
[genome] Combined feature dim: 1938
[genome] Fitting GradientBoosting...
[genome] Fitting Calibrated RandomForest...
[genome] Running soft voting ensemble with calibrated RF...
  fold 6: macro_f1=0.4166  f1=[normal:0.590, mild:0.000, severe:0.660]

[result] macro_f1=0.5964  f1_class=[normal:0.7567, mild:0.5682, severe:0.4644]  device=cuda
========================================================================
[evaluate] RESULTS — gen_85
  macro_f1        : 0.5964   (baseline 0.5650, LOSO SOTA 0.68)
  f1_class0_normal: 0.7567   (n=341 walks)
  f1_class1_mild  : 0.5682   (n=276 walks)
  f1_class2_severe: 0.4644   (n=164 walks)  ← clinically most important
  n_walks_total   : 781
  eval_time       : 1047.4s
  confusion_matrix:
    pred→  [0]   [1]   [2]
    true[0] normal: [269, 51, 21]
    true[1] mild  : [63, 150, 63]
    true[2] severe: [38, 51, 75]
  per_fold_f1:
    fold 1: 0.4495  (test=159, train=622)
    fold 2: 0.4984  (test=122, train=659)
    fold 3: 0.5569  (test=143, train=638)
    fold 4: 0.6012  (test=115, train=666)
    fold 5: 0.4393  (test=135, train=646)
    fold 6: 0.4166  (test=107, train=674)
  pred_dist  : {0: 370, 1: 252, 2: 159}
  label_dist : {0: 341, 1: 276, 2: 164}
========================================================================
[evaluate] Leaderboard updated: /workspace/ShinkaEvolveCarePD/care_pd_task/leaderboard.csv
