========================================================================
[evaluate] genome:      gen_70
[evaluate] program:     /workspace/ShinkaEvolveCarePD/results/care_pd_full/gen_70/main.py
[evaluate] results_dir: /workspace/ShinkaEvolveCarePD/results/care_pd_full/gen_70/results
[evaluate] care_pd_dir: /workspace/CARE-PD
[evaluate] gpu:         CUDA  device=NVIDIA RTX A5000  vram=25.3GB  gpus=1
========================================================================
[evaluate] Loading dataset from /workspace/CARE-PD/assets/datasets/BMCLab.pkl ...
[evaluate] Dataset loaded in 0.39s
[evaluate] subjects=23  walks=781  label_dist={0:341, 1:276, 2:164}  folds=6
[evaluate] Pretrained checkpoints available:
  mixste: best_epoch_cpn_81f.bin (404.7MB)
  momask: opt.txt (0.0MB), .DS_Store (0.0MB), net_best_fid.tar (84.1MB)
  motionagformer: motionagformer-s-h36m.pth.tr (59.8MB)
  motionbert: motionbert.bin (170.0MB)
  motionbertlite: latest_epoch.bin (64.1MB)
  motionclip: motionclip_encoder_checkpoint_0100.pth.tar (77.9MB), .DS_Store (0.0MB)
  poseformerv2: 27_243_45.2.bin (172.8MB), 9_81_46.0.bin (172.5MB), .DS_Store (0.0MB)
  potr: pre-trained_NTU_ckpt_epoch_199_enc_80_dec_20.pt (26.5MB)
========================================================================
[evaluate] Importing genome ...
[evaluate] Import OK (10.64s)
[evaluate] Running run_evaluation() ...
[genome] Extracting handcrafted gait features...
[genome] checkpoint: 2/101 layers loaded from motionclip_encoder_checkpoint_0100.pth.tar
[genome] Adding MotionCLIP features (device=cuda)
[genome] Combined features: 2427 dims
[genome] Training sklearn voting ensemble on 2427-dim features
  fold 1: macro_f1=0.4925  f1=[normal:0.500, mild:0.760, severe:0.217]
[genome] Extracting handcrafted gait features...
[genome] checkpoint: 2/101 layers loaded from motionclip_encoder_checkpoint_0100.pth.tar
[genome] Adding MotionCLIP features (device=cuda)
[genome] Combined features: 2427 dims
[genome] Training sklearn voting ensemble on 2427-dim features
  fold 2: macro_f1=0.4611  f1=[normal:0.907, mild:0.000, severe:0.476]
[genome] Extracting handcrafted gait features...
[genome] checkpoint: 2/101 layers loaded from motionclip_encoder_checkpoint_0100.pth.tar
[genome] Adding MotionCLIP features (device=cuda)
[genome] Combined features: 2427 dims
[genome] Training sklearn voting ensemble on 2427-dim features
  fold 3: macro_f1=0.4988  f1=[normal:0.764, mild:0.733, severe:0.000]
[genome] Extracting handcrafted gait features...
[genome] checkpoint: 2/101 layers loaded from motionclip_encoder_checkpoint_0100.pth.tar
[genome] Adding MotionCLIP features (device=cuda)
[genome] Combined features: 2427 dims
[genome] Training sklearn voting ensemble on 2427-dim features
  fold 4: macro_f1=0.6960  f1=[normal:0.800, mild:0.673, severe:0.615]
[genome] Extracting handcrafted gait features...
[genome] checkpoint: 2/101 layers loaded from motionclip_encoder_checkpoint_0100.pth.tar
[genome] Adding MotionCLIP features (device=cuda)
[genome] Combined features: 2427 dims
[genome] Training sklearn voting ensemble on 2427-dim features
  fold 5: macro_f1=0.4500  f1=[normal:0.714, mild:0.636, severe:0.000]
[genome] Extracting handcrafted gait features...
[genome] checkpoint: 2/101 layers loaded from motionclip_encoder_checkpoint_0100.pth.tar
[genome] Adding MotionCLIP features (device=cuda)
[genome] Combined features: 2427 dims
[genome] Training sklearn voting ensemble on 2427-dim features
  fold 6: macro_f1=0.4869  f1=[normal:0.719, mild:0.000, severe:0.742]

[result] macro_f1=0.6111  f1_class=[normal:0.7631, mild:0.6198, severe:0.4503]  device=cuda
========================================================================
[evaluate] RESULTS — gen_70
  macro_f1        : 0.6111   (baseline 0.5650, LOSO SOTA 0.68)
  f1_class0_normal: 0.7631   (n=341 walks)
  f1_class1_mild  : 0.6198   (n=276 walks)
  f1_class2_severe: 0.4503   (n=164 walks)  ← clinically most important
  n_walks_total   : 781
  eval_time       : 1273.6s
  confusion_matrix:
    pred→  [0]   [1]   [2]
    true[0] normal: [269, 50, 22]
    true[1] mild  : [56, 172, 48]
    true[2] severe: [39, 57, 68]
  per_fold_f1:
    fold 1: 0.4925  (test=159, train=622)
    fold 2: 0.4611  (test=122, train=659)
    fold 3: 0.4988  (test=143, train=638)
    fold 4: 0.6960  (test=115, train=666)
    fold 5: 0.4500  (test=135, train=646)
    fold 6: 0.4869  (test=107, train=674)
  pred_dist  : {0: 364, 1: 279, 2: 138}
  label_dist : {0: 341, 1: 276, 2: 164}
========================================================================
[evaluate] Leaderboard updated: /workspace/ShinkaEvolveCarePD/care_pd_task/leaderboard.csv
