========================================================================
[evaluate] genome:      gen_35
[evaluate] program:     /workspace/ShinkaEvolveCarePD/results/care_pd_full/gen_35/main.py
[evaluate] results_dir: /workspace/ShinkaEvolveCarePD/results/care_pd_full/gen_35/results
[evaluate] care_pd_dir: /workspace/CARE-PD
[evaluate] gpu:         CUDA  device=NVIDIA RTX A5000  vram=25.3GB  gpus=1
========================================================================
[evaluate] Loading dataset from /workspace/CARE-PD/assets/datasets/BMCLab.pkl ...
[evaluate] Dataset loaded in 0.29s
[evaluate] subjects=23  walks=781  label_dist={0:341, 1:276, 2:164}  folds=6
[evaluate] Pretrained checkpoints available:
  mixste: best_epoch_cpn_81f.bin (404.7MB)
  momask: opt.txt (0.0MB), .DS_Store (0.0MB), net_best_fid.tar (84.1MB)
  motionagformer: motionagformer-s-h36m.pth.tr (59.8MB)
  motionbert: motionbert.bin (170.0MB)
  motionbertlite: latest_epoch.bin (64.1MB)
  motionclip: motionclip_encoder_checkpoint_0100.pth.tar (77.9MB), .DS_Store (0.0MB)
  poseformerv2: 27_243_45.2.bin (172.8MB), 9_81_46.0.bin (172.5MB), .DS_Store (0.0MB)
  potr: pre-trained_NTU_ckpt_epoch_199_enc_80_dec_20.pt (26.5MB)
========================================================================
[evaluate] Importing genome ...
[evaluate] Import OK (28.16s)
[evaluate] Running run_evaluation() ...
[genome] Extracting handcrafted gait features...
[genome] checkpoint: 2/101 layers loaded from motionclip_encoder_checkpoint_0100.pth.tar
[genome] Adding MotionCLIP features (device=cuda)
[genome] Combined features: 2319 dims
[genome] Training sklearn ensemble (RF+GB) on 2319-dim features
  fold 1: macro_f1=0.3040  f1=[normal:0.296, mild:0.422, severe:0.194]
[genome] Extracting handcrafted gait features...
[genome] checkpoint: 2/101 layers loaded from motionclip_encoder_checkpoint_0100.pth.tar
[genome] Adding MotionCLIP features (device=cuda)
[genome] Combined features: 2319 dims
[genome] Training sklearn ensemble (RF+GB) on 2319-dim features
  fold 2: macro_f1=0.6418  f1=[normal:0.859, mild:0.067, severe:1.000]
[genome] Extracting handcrafted gait features...
[genome] checkpoint: 2/101 layers loaded from motionclip_encoder_checkpoint_0100.pth.tar
[genome] Adding MotionCLIP features (device=cuda)
[genome] Combined features: 2319 dims
[genome] Training sklearn ensemble (RF+GB) on 2319-dim features
  fold 3: macro_f1=0.5367  f1=[normal:0.810, mild:0.800, severe:0.000]
[genome] Extracting handcrafted gait features...
[genome] checkpoint: 2/101 layers loaded from motionclip_encoder_checkpoint_0100.pth.tar
[genome] Adding MotionCLIP features (device=cuda)
[genome] Combined features: 2319 dims
[genome] Training sklearn ensemble (RF+GB) on 2319-dim features
  fold 4: macro_f1=0.6591  f1=[normal:0.759, mild:0.719, severe:0.500]
[genome] Extracting handcrafted gait features...
[genome] checkpoint: 2/101 layers loaded from motionclip_encoder_checkpoint_0100.pth.tar
[genome] Adding MotionCLIP features (device=cuda)
[genome] Combined features: 2319 dims
[genome] Training sklearn ensemble (RF+GB) on 2319-dim features
  fold 5: macro_f1=0.4568  f1=[normal:0.742, mild:0.628, severe:0.000]
[genome] Extracting handcrafted gait features...
[genome] checkpoint: 2/101 layers loaded from motionclip_encoder_checkpoint_0100.pth.tar
[genome] Adding MotionCLIP features (device=cuda)
[genome] Combined features: 2319 dims
[genome] Training sklearn ensemble (RF+GB) on 2319-dim features
  fold 6: macro_f1=0.4640  f1=[normal:0.682, mild:0.000, severe:0.710]

[result] macro_f1=0.5672  f1_class=[normal:0.7023, mild:0.5725, severe:0.4266]  device=cuda
========================================================================
[evaluate] RESULTS — gen_35
  macro_f1        : 0.5672   (baseline 0.5650, LOSO SOTA 0.68)
  f1_class0_normal: 0.7023   (n=341 walks)
  f1_class1_mild  : 0.5725   (n=276 walks)
  f1_class2_severe: 0.4266   (n=164 walks)  ← clinically most important
  n_walks_total   : 781
  eval_time       : 1216.2s
  confusion_matrix:
    pred→  [0]   [1]   [2]
    true[0] normal: [269, 47, 25]
    true[1] mild  : [94, 146, 36]
    true[2] severe: [62, 41, 61]
  per_fold_f1:
    fold 1: 0.3040  (test=159, train=622)
    fold 2: 0.6418  (test=122, train=659)
    fold 3: 0.5367  (test=143, train=638)
    fold 4: 0.6591  (test=115, train=666)
    fold 5: 0.4568  (test=135, train=646)
    fold 6: 0.4640  (test=107, train=674)
  pred_dist  : {0: 425, 1: 234, 2: 122}
  label_dist : {0: 341, 1: 276, 2: 164}
========================================================================
[evaluate] Leaderboard updated: /workspace/ShinkaEvolveCarePD/care_pd_task/leaderboard.csv
