========================================================================
[evaluate] genome:      gen_0
[evaluate] program:     /workspace/ShinkaEvolveCarePD/results/care_pd_full/gen_0/main.py
[evaluate] results_dir: /workspace/ShinkaEvolveCarePD/results/care_pd_full/gen_0/results
[evaluate] care_pd_dir: /workspace/CARE-PD
[evaluate] gpu:         CUDA  device=NVIDIA RTX A5000  vram=25.3GB  gpus=1
========================================================================
[evaluate] Loading dataset from /workspace/CARE-PD/assets/datasets/BMCLab.pkl ...
[evaluate] Dataset loaded in 0.37s
[evaluate] subjects=23  walks=781  label_dist={0:341, 1:276, 2:164}  folds=6
[evaluate] Pretrained checkpoints available:
  mixste: best_epoch_cpn_81f.bin (404.7MB)
  momask: opt.txt (0.0MB), .DS_Store (0.0MB), net_best_fid.tar (84.1MB)
  motionagformer: motionagformer-s-h36m.pth.tr (59.8MB)
  motionbert: motionbert.bin (170.0MB)
  motionbertlite: latest_epoch.bin (64.1MB)
  motionclip: motionclip_encoder_checkpoint_0100.pth.tar (77.9MB), .DS_Store (0.0MB)
  poseformerv2: 27_243_45.2.bin (172.8MB), 9_81_46.0.bin (172.5MB), .DS_Store (0.0MB)
  potr: pre-trained_NTU_ckpt_epoch_199_enc_80_dec_20.pt (26.5MB)
========================================================================
[evaluate] Importing genome ...
[evaluate] Import OK (10.13s)
[evaluate] Running run_evaluation() ...
[genome] checkpoint: 2/101 layers loaded from motionclip_encoder_checkpoint_0100.pth.tar
[genome] Path A: MotionCLIP frozen features → MLP  (device=cuda)
  fold 1: macro_f1=0.1566  f1=[normal:0.193, mild:0.277, severe:0.000]
[genome] checkpoint: 2/101 layers loaded from motionclip_encoder_checkpoint_0100.pth.tar
[genome] Path A: MotionCLIP frozen features → MLP  (device=cuda)
  fold 2: macro_f1=0.2664  f1=[normal:0.761, mild:0.038, severe:0.000]
[genome] checkpoint: 2/101 layers loaded from motionclip_encoder_checkpoint_0100.pth.tar
[genome] Path A: MotionCLIP frozen features → MLP  (device=cuda)
  fold 3: macro_f1=0.3970  f1=[normal:0.620, mild:0.571, severe:0.000]
[genome] checkpoint: 2/101 layers loaded from motionclip_encoder_checkpoint_0100.pth.tar
[genome] Path A: MotionCLIP frozen features → MLP  (device=cuda)
  fold 4: macro_f1=0.4324  f1=[normal:0.584, mild:0.713, severe:0.000]
[genome] checkpoint: 2/101 layers loaded from motionclip_encoder_checkpoint_0100.pth.tar
[genome] Path A: MotionCLIP frozen features → MLP  (device=cuda)
  fold 5: macro_f1=0.4354  f1=[normal:0.724, mild:0.583, severe:0.000]
[genome] checkpoint: 2/101 layers loaded from motionclip_encoder_checkpoint_0100.pth.tar
[genome] Path A: MotionCLIP frozen features → MLP  (device=cuda)
  fold 6: macro_f1=0.1784  f1=[normal:0.535, mild:0.000, severe:0.000]

[result] macro_f1=0.3461  f1_class=[normal:0.5829, mild:0.4552, severe:0.0000]  device=cuda
========================================================================
[evaluate] RESULTS — gen_0
  macro_f1        : 0.3461   (baseline 0.5650, LOSO SOTA 0.68)
  f1_class0_normal: 0.5829   (n=341 walks)
  f1_class1_mild  : 0.4552   (n=276 walks)
  f1_class2_severe: 0.0   (n=164 walks)  ← clinically most important
  n_walks_total   : 781
  eval_time       : 117.4s
  confusion_matrix:
    pred→  [0]   [1]   [2]
    true[0] normal: [246, 86, 9]
    true[1] mild  : [145, 122, 9]
    true[2] severe: [112, 52, 0]
  per_fold_f1:
    fold 1: 0.1566  (test=159, train=622)
    fold 2: 0.2664  (test=122, train=659)
    fold 3: 0.3970  (test=143, train=638)
    fold 4: 0.4324  (test=115, train=666)
    fold 5: 0.4354  (test=135, train=646)
    fold 6: 0.1784  (test=107, train=674)
  pred_dist  : {0: 503, 1: 260, 2: 18}
  label_dist : {0: 341, 1: 276, 2: 164}
========================================================================
[evaluate] Leaderboard updated: /workspace/ShinkaEvolveCarePD/care_pd_task/leaderboard.csv
