========================================================================
[evaluate] genome:      gen_28
[evaluate] program:     /workspace/ShinkaEvolveCarePD/results/care_pd_full/gen_28/main.py
[evaluate] results_dir: /workspace/ShinkaEvolveCarePD/results/care_pd_full/gen_28/results
[evaluate] care_pd_dir: /workspace/CARE-PD
[evaluate] gpu:         CUDA  device=NVIDIA RTX A5000  vram=25.3GB  gpus=1
========================================================================
[evaluate] Loading dataset from /workspace/CARE-PD/assets/datasets/BMCLab.pkl ...
[evaluate] Dataset loaded in 0.20s
[evaluate] subjects=23  walks=781  label_dist={0:341, 1:276, 2:164}  folds=6
[evaluate] Pretrained checkpoints available:
  mixste: best_epoch_cpn_81f.bin (404.7MB)
  momask: opt.txt (0.0MB), .DS_Store (0.0MB), net_best_fid.tar (84.1MB)
  motionagformer: motionagformer-s-h36m.pth.tr (59.8MB)
  motionbert: motionbert.bin (170.0MB)
  motionbertlite: latest_epoch.bin (64.1MB)
  motionclip: motionclip_encoder_checkpoint_0100.pth.tar (77.9MB), .DS_Store (0.0MB)
  poseformerv2: 27_243_45.2.bin (172.8MB), 9_81_46.0.bin (172.5MB), .DS_Store (0.0MB)
  potr: pre-trained_NTU_ckpt_epoch_199_enc_80_dec_20.pt (26.5MB)
========================================================================
[evaluate] Importing genome ...
[evaluate] Import OK (17.01s)
[evaluate] Running run_evaluation() ...
[genome] checkpoint: 2/101 layers loaded from motionclip_encoder_checkpoint_0100.pth.tar
[genome] Path A: Hybrid features (MotionCLIP + gait) → sklearn ensemble (device=cuda)
  fold 1: macro_f1=0.4513  f1=[normal:0.417, mild:0.703, severe:0.234]
[genome] checkpoint: 2/101 layers loaded from motionclip_encoder_checkpoint_0100.pth.tar
[genome] Path A: Hybrid features (MotionCLIP + gait) → sklearn ensemble (device=cuda)
  fold 2: macro_f1=0.4781  f1=[normal:0.918, mild:0.000, severe:0.516]
[genome] checkpoint: 2/101 layers loaded from motionclip_encoder_checkpoint_0100.pth.tar
[genome] Path A: Hybrid features (MotionCLIP + gait) → sklearn ensemble (device=cuda)
  fold 3: macro_f1=0.5467  f1=[normal:0.883, mild:0.757, severe:0.000]
[genome] checkpoint: 2/101 layers loaded from motionclip_encoder_checkpoint_0100.pth.tar
[genome] Path A: Hybrid features (MotionCLIP + gait) → sklearn ensemble (device=cuda)
  fold 4: macro_f1=0.7199  f1=[normal:0.792, mild:0.752, severe:0.615]
[genome] checkpoint: 2/101 layers loaded from motionclip_encoder_checkpoint_0100.pth.tar
[genome] Path A: Hybrid features (MotionCLIP + gait) → sklearn ensemble (device=cuda)
  fold 5: macro_f1=0.4904  f1=[normal:0.794, mild:0.677, severe:0.000]
[genome] checkpoint: 2/101 layers loaded from motionclip_encoder_checkpoint_0100.pth.tar
[genome] Path A: Hybrid features (MotionCLIP + gait) → sklearn ensemble (device=cuda)
  fold 6: macro_f1=0.4946  f1=[normal:0.725, mild:0.000, severe:0.759]

[result] macro_f1=0.6343  f1_class=[normal:0.7885, mild:0.6337, severe:0.4806]  device=cuda
========================================================================
[evaluate] RESULTS — gen_28
  macro_f1        : 0.6343   (baseline 0.5650, LOSO SOTA 0.68)
  f1_class0_normal: 0.7885   (n=341 walks)
  f1_class1_mild  : 0.6337   (n=276 walks)
  f1_class2_severe: 0.4806   (n=164 walks)  ← clinically most important
  n_walks_total   : 781
  eval_time       : 910.6s
  confusion_matrix:
    pred→  [0]   [1]   [2]
    true[0] normal: [289, 47, 5]
    true[1] mild  : [57, 173, 46]
    true[2] severe: [46, 50, 68]
  per_fold_f1:
    fold 1: 0.4513  (test=159, train=622)
    fold 2: 0.4781  (test=122, train=659)
    fold 3: 0.5467  (test=143, train=638)
    fold 4: 0.7199  (test=115, train=666)
    fold 5: 0.4904  (test=135, train=646)
    fold 6: 0.4946  (test=107, train=674)
  pred_dist  : {0: 392, 1: 270, 2: 119}
  label_dist : {0: 341, 1: 276, 2: 164}
========================================================================
[evaluate] Leaderboard updated: /workspace/ShinkaEvolveCarePD/care_pd_task/leaderboard.csv
