========================================================================
[evaluate] genome:      gen_19
[evaluate] program:     /workspace/ShinkaEvolveCarePD/results/care_pd_full/gen_19/main.py
[evaluate] results_dir: /workspace/ShinkaEvolveCarePD/results/care_pd_full/gen_19/results
[evaluate] care_pd_dir: /workspace/CARE-PD
[evaluate] gpu:         CUDA  device=NVIDIA RTX A5000  vram=25.3GB  gpus=1
========================================================================
[evaluate] Loading dataset from /workspace/CARE-PD/assets/datasets/BMCLab.pkl ...
[evaluate] Dataset loaded in 0.25s
[evaluate] subjects=23  walks=781  label_dist={0:341, 1:276, 2:164}  folds=6
[evaluate] Pretrained checkpoints available:
  mixste: best_epoch_cpn_81f.bin (404.7MB)
  momask: opt.txt (0.0MB), .DS_Store (0.0MB), net_best_fid.tar (84.1MB)
  motionagformer: motionagformer-s-h36m.pth.tr (59.8MB)
  motionbert: motionbert.bin (170.0MB)
  motionbertlite: latest_epoch.bin (64.1MB)
  motionclip: motionclip_encoder_checkpoint_0100.pth.tar (77.9MB), .DS_Store (0.0MB)
  poseformerv2: 27_243_45.2.bin (172.8MB), 9_81_46.0.bin (172.5MB), .DS_Store (0.0MB)
  potr: pre-trained_NTU_ckpt_epoch_199_enc_80_dec_20.pt (26.5MB)
========================================================================
[evaluate] Importing genome ...
[evaluate] Import OK (27.05s)
[evaluate] Running run_evaluation() ...
[genome] checkpoint: 2/101 layers loaded from motionclip_encoder_checkpoint_0100.pth.tar
[genome] Path A: MotionCLIP frozen features → MLP  (device=cuda)
[evaluate] RUN_EVALUATION FAILED after 40.54s
Traceback (most recent call last):
  File "/workspace/ShinkaEvolveCarePD/results/care_pd_full/evaluate.py", line 211, in main
    result = mod.run_evaluation(data=data, folds=folds, care_pd_dir=_CARE_PD)
             ^^^^^^^^^^^^^^^^^^^^^^^^^^^^^^^^^^^^^^^^^^^^^^^^^^^^^^^^^^^^^^^^
  File "/workspace/ShinkaEvolveCarePD/results/care_pd_full/gen_19/main.py", line 417, in run_evaluation
    preds = train_and_predict(tr_poses, y_tr, te_poses, care_pd_dir=care_pd_dir)
            ^^^^^^^^^^^^^^^^^^^^^^^^^^^^^^^^^^^^^^^^^^^^^^^^^^^^^^^^^^^^^^^^^^^^
  File "/workspace/ShinkaEvolveCarePD/results/care_pd_full/gen_19/main.py", line 383, in train_and_predict
    return train_classifier(feat_tr, y_train, feat_te)
           ^^^^^^^^^^^^^^^^^^^^^^^^^^^^^^^^^^^^^^^^^^^
  File "/workspace/ShinkaEvolveCarePD/results/care_pd_full/gen_19/main.py", line 338, in train_classifier
    indices = torch.cat([torch.arange(len(y_tr)), idx2])
              ^^^^^^^^^^^^^^^^^^^^^^^^^^^^^^^^^^^^^^^^^^
RuntimeError: Expected all tensors to be on the same device, but got tensors is on cuda:0, different from other tensors on cpu (when checking argument in method wrapper_CUDA_cat)

