========================================================================
[evaluate] genome:      gen_87
[evaluate] program:     /workspace/ShinkaEvolveCarePD/results/care_pd_full/gen_87/main.py
[evaluate] results_dir: /workspace/ShinkaEvolveCarePD/results/care_pd_full/gen_87/results
[evaluate] care_pd_dir: /workspace/CARE-PD
[evaluate] gpu:         CUDA  device=NVIDIA RTX A5000  vram=25.3GB  gpus=1
========================================================================
[evaluate] Loading dataset from /workspace/CARE-PD/assets/datasets/BMCLab.pkl ...
[evaluate] Dataset loaded in 0.28s
[evaluate] subjects=23  walks=781  label_dist={0:341, 1:276, 2:164}  folds=6
[evaluate] Pretrained checkpoints available:
  mixste: best_epoch_cpn_81f.bin (404.7MB)
  momask: opt.txt (0.0MB), .DS_Store (0.0MB), net_best_fid.tar (84.1MB)
  motionagformer: motionagformer-s-h36m.pth.tr (59.8MB)
  motionbert: motionbert.bin (170.0MB)
  motionbertlite: latest_epoch.bin (64.1MB)
  motionclip: motionclip_encoder_checkpoint_0100.pth.tar (77.9MB), .DS_Store (0.0MB)
  poseformerv2: 27_243_45.2.bin (172.8MB), 9_81_46.0.bin (172.5MB), .DS_Store (0.0MB)
  potr: pre-trained_NTU_ckpt_epoch_199_enc_80_dec_20.pt (26.5MB)
========================================================================
[evaluate] Importing genome ...
[evaluate] Import OK (9.81s)
[evaluate] Running run_evaluation() ...
[genome] Extracting handcrafted gait features...
[genome] Training sklearn voting ensemble on 1541-dim features
  fold 1: macro_f1=0.4502  f1=[normal:0.449, mild:0.703, severe:0.198]
[genome] Extracting handcrafted gait features...
[genome] Training sklearn voting ensemble on 1541-dim features
  fold 2: macro_f1=0.4879  f1=[normal:0.912, mild:0.000, severe:0.552]
[genome] Extracting handcrafted gait features...
[genome] Training sklearn voting ensemble on 1541-dim features
  fold 3: macro_f1=0.5441  f1=[normal:0.832, mild:0.800, severe:0.000]
[genome] Extracting handcrafted gait features...
[genome] Training sklearn voting ensemble on 1541-dim features
  fold 4: macro_f1=0.5469  f1=[normal:0.714, mild:0.433, severe:0.494]
[genome] Extracting handcrafted gait features...
[genome] Training sklearn voting ensemble on 1541-dim features
  fold 5: macro_f1=0.4565  f1=[normal:0.732, mild:0.637, severe:0.000]
[genome] Extracting handcrafted gait features...
[genome] Training sklearn voting ensemble on 1541-dim features
  fold 6: macro_f1=0.4328  f1=[normal:0.625, mild:0.000, severe:0.673]

[result] macro_f1=0.5804  f1_class=[normal:0.7545, mild:0.5749, severe:0.4118]  device=cuda
========================================================================
[evaluate] RESULTS — gen_87
  macro_f1        : 0.5804   (baseline 0.5650, LOSO SOTA 0.68)
  f1_class0_normal: 0.7545   (n=341 walks)
  f1_class1_mild  : 0.5749   (n=276 walks)
  f1_class2_severe: 0.4118   (n=164 walks)  ← clinically most important
  n_walks_total   : 781
  eval_time       : 773.0s
  confusion_matrix:
    pred→  [0]   [1]   [2]
    true[0] normal: [272, 39, 30]
    true[1] mild  : [56, 144, 76]
    true[2] severe: [52, 42, 70]
  per_fold_f1:
    fold 1: 0.4502  (test=159, train=622)
    fold 2: 0.4879  (test=122, train=659)
    fold 3: 0.5441  (test=143, train=638)
    fold 4: 0.5469  (test=115, train=666)
    fold 5: 0.4565  (test=135, train=646)
    fold 6: 0.4328  (test=107, train=674)
  pred_dist  : {0: 380, 1: 225, 2: 176}
  label_dist : {0: 341, 1: 276, 2: 164}
========================================================================
[evaluate] Leaderboard updated: /workspace/ShinkaEvolveCarePD/care_pd_task/leaderboard.csv
