========================================================================
[evaluate] genome:      gen_22
[evaluate] program:     /workspace/ShinkaEvolveCarePD/results/care_pd_full/gen_22/main.py
[evaluate] results_dir: /workspace/ShinkaEvolveCarePD/results/care_pd_full/gen_22/results
[evaluate] care_pd_dir: /workspace/CARE-PD
[evaluate] gpu:         CUDA  device=NVIDIA RTX A5000  vram=25.3GB  gpus=1
========================================================================
[evaluate] Loading dataset from /workspace/CARE-PD/assets/datasets/BMCLab.pkl ...
[evaluate] Dataset loaded in 0.27s
[evaluate] subjects=23  walks=781  label_dist={0:341, 1:276, 2:164}  folds=6
[evaluate] Pretrained checkpoints available:
  mixste: best_epoch_cpn_81f.bin (404.7MB)
  momask: opt.txt (0.0MB), .DS_Store (0.0MB), net_best_fid.tar (84.1MB)
  motionagformer: motionagformer-s-h36m.pth.tr (59.8MB)
  motionbert: motionbert.bin (170.0MB)
  motionbertlite: latest_epoch.bin (64.1MB)
  motionclip: motionclip_encoder_checkpoint_0100.pth.tar (77.9MB), .DS_Store (0.0MB)
  poseformerv2: 27_243_45.2.bin (172.8MB), 9_81_46.0.bin (172.5MB), .DS_Store (0.0MB)
  potr: pre-trained_NTU_ckpt_epoch_199_enc_80_dec_20.pt (26.5MB)
========================================================================
[evaluate] Importing genome ...
[evaluate] Import OK (22.01s)
[evaluate] Running run_evaluation() ...
[genome] Extracting handcrafted gait features...
[genome] Handcrafted features shape: (622, 892)
[genome] MotionCLIP loaded: 2/101 layers
[genome] Extracting MotionCLIP features...
[genome] Combined features shape: (622, 1404)
[genome] After variance filter: 1402 features
[genome] Training ensemble classifiers...
  svm_rbf: trained successfully
  svm_rbf2: trained successfully
  rf: trained successfully
  et: trained successfully
  gb: trained successfully
  mlp: trained successfully
  fold 1: macro_f1=0.5136  f1=[normal:0.615, mild:0.708, severe:0.217]
[genome] Extracting handcrafted gait features...
[genome] Handcrafted features shape: (659, 892)
[genome] MotionCLIP loaded: 2/101 layers
[genome] Extracting MotionCLIP features...
[genome] Combined features shape: (659, 1404)
[genome] After variance filter: 1402 features
[genome] Training ensemble classifiers...
  svm_rbf: trained successfully
  svm_rbf2: trained successfully
  rf: trained successfully
  et: trained successfully
  gb: trained successfully
  mlp: trained successfully
  fold 2: macro_f1=0.5099  f1=[normal:0.863, mild:0.000, severe:0.667]
[genome] Extracting handcrafted gait features...
[genome] Handcrafted features shape: (638, 892)
[genome] MotionCLIP loaded: 2/101 layers
[genome] Extracting MotionCLIP features...
[genome] Combined features shape: (638, 1404)
[genome] After variance filter: 1400 features
[genome] Training ensemble classifiers...
  svm_rbf: trained successfully
  svm_rbf2: trained successfully
  rf: trained successfully
  et: trained successfully
  gb: trained successfully
  mlp: trained successfully
  fold 3: macro_f1=0.5624  f1=[normal:0.899, mild:0.788, severe:0.000]
[genome] Extracting handcrafted gait features...
[genome] Handcrafted features shape: (666, 892)
[genome] MotionCLIP loaded: 2/101 layers
[genome] Extracting MotionCLIP features...
[genome] Combined features shape: (666, 1404)
[genome] After variance filter: 1400 features
[genome] Training ensemble classifiers...
  svm_rbf: trained successfully
  svm_rbf2: trained successfully
  rf: trained successfully
  et: trained successfully
  gb: trained successfully
  mlp: trained successfully
  fold 4: macro_f1=0.8251  f1=[normal:0.769, mild:0.855, severe:0.851]
[genome] Extracting handcrafted gait features...
[genome] Handcrafted features shape: (646, 892)
[genome] MotionCLIP loaded: 2/101 layers
[genome] Extracting MotionCLIP features...
[genome] Combined features shape: (646, 1404)
[genome] After variance filter: 1402 features
[genome] Training ensemble classifiers...
  svm_rbf: trained successfully
  svm_rbf2: trained successfully
  rf: trained successfully
  et: trained successfully
  gb: trained successfully
  mlp: trained successfully
  fold 5: macro_f1=0.4427  f1=[normal:0.778, mild:0.550, severe:0.000]
[genome] Extracting handcrafted gait features...
[genome] Handcrafted features shape: (674, 892)
[genome] MotionCLIP loaded: 2/101 layers
[genome] Extracting MotionCLIP features...
[genome] Combined features shape: (674, 1404)
[genome] After variance filter: 1402 features
[genome] Training ensemble classifiers...
  svm_rbf: trained successfully
  svm_rbf2: trained successfully
  rf: trained successfully
  et: trained successfully
