========================================================================
[evaluate] genome:      gen_20
[evaluate] program:     /workspace/ShinkaEvolveCarePD/results/care_pd_full/gen_20/main.py
[evaluate] results_dir: /workspace/ShinkaEvolveCarePD/results/care_pd_full/gen_20/results
[evaluate] care_pd_dir: /workspace/CARE-PD
[evaluate] gpu:         CUDA  device=NVIDIA RTX A5000  vram=25.3GB  gpus=1
========================================================================
[evaluate] Loading dataset from /workspace/CARE-PD/assets/datasets/BMCLab.pkl ...
[evaluate] Dataset loaded in 0.22s
[evaluate] subjects=23  walks=781  label_dist={0:341, 1:276, 2:164}  folds=6
[evaluate] Pretrained checkpoints available:
  mixste: best_epoch_cpn_81f.bin (404.7MB)
  momask: opt.txt (0.0MB), .DS_Store (0.0MB), net_best_fid.tar (84.1MB)
  motionagformer: motionagformer-s-h36m.pth.tr (59.8MB)
  motionbert: motionbert.bin (170.0MB)
  motionbertlite: latest_epoch.bin (64.1MB)
  motionclip: motionclip_encoder_checkpoint_0100.pth.tar (77.9MB), .DS_Store (0.0MB)
  poseformerv2: 27_243_45.2.bin (172.8MB), 9_81_46.0.bin (172.5MB), .DS_Store (0.0MB)
  potr: pre-trained_NTU_ckpt_epoch_199_enc_80_dec_20.pt (26.5MB)
========================================================================
[evaluate] Importing genome ...
[evaluate] Import OK (16.75s)
[evaluate] Running run_evaluation() ...
[genome] checkpoint: 2/101 layers loaded from motionclip_encoder_checkpoint_0100.pth.tar
[genome] Path A: MotionCLIP features → MLP (device=cuda)
  fold 1: macro_f1=0.3579  f1=[normal:0.000, mild:0.551, severe:0.523]
[genome] checkpoint: 2/101 layers loaded from motionclip_encoder_checkpoint_0100.pth.tar
[genome] Path A: MotionCLIP features → MLP (device=cuda)
  fold 2: macro_f1=0.1462  f1=[normal:0.394, mild:0.000, severe:0.045]
[genome] checkpoint: 2/101 layers loaded from motionclip_encoder_checkpoint_0100.pth.tar
[genome] Path A: MotionCLIP features → MLP (device=cuda)
  fold 3: macro_f1=0.3158  f1=[normal:0.514, mild:0.434, severe:0.000]
[genome] checkpoint: 2/101 layers loaded from motionclip_encoder_checkpoint_0100.pth.tar
[genome] Path A: MotionCLIP features → MLP (device=cuda)
  fold 4: macro_f1=0.1229  f1=[normal:0.000, mild:0.000, severe:0.369]
[genome] checkpoint: 2/101 layers loaded from motionclip_encoder_checkpoint_0100.pth.tar
[genome] Path A: MotionCLIP features → MLP (device=cuda)
  fold 5: macro_f1=0.2144  f1=[normal:0.412, mild:0.000, severe:0.231]
[genome] checkpoint: 2/101 layers loaded from motionclip_encoder_checkpoint_0100.pth.tar
[genome] Path A: MotionCLIP features → MLP (device=cuda)
  fold 6: macro_f1=0.4230  f1=[normal:0.687, mild:0.000, severe:0.582]

[result] macro_f1=0.3378  f1_class=[normal:0.4163, mild:0.3020, severe:0.2950]  device=cuda
========================================================================
[evaluate] RESULTS — gen_20
  macro_f1        : 0.3378   (baseline 0.5650, LOSO SOTA 0.68)
  f1_class0_normal: 0.4163   (n=341 walks)
  f1_class1_mild  : 0.302   (n=276 walks)
  f1_class2_severe: 0.295   (n=164 walks)  ← clinically most important
  n_walks_total   : 781
  eval_time       : 390.0s
  confusion_matrix:
    pred→  [0]   [1]   [2]
    true[0] normal: [107, 25, 209]
    true[1] mild  : [39, 61, 176]
    true[2] severe: [27, 42, 95]
  per_fold_f1:
    fold 1: 0.3579  (test=159, train=622)
    fold 2: 0.1462  (test=122, train=659)
    fold 3: 0.3158  (test=143, train=638)
    fold 4: 0.1229  (test=115, train=666)
    fold 5: 0.2144  (test=135, train=646)
    fold 6: 0.4230  (test=107, train=674)
  pred_dist  : {0: 173, 1: 128, 2: 480}
  label_dist : {0: 341, 1: 276, 2: 164}
========================================================================
[evaluate] Leaderboard updated: /workspace/ShinkaEvolveCarePD/care_pd_task/leaderboard.csv
