========================================================================
[evaluate] genome:      gen_34
[evaluate] program:     /workspace/ShinkaEvolveCarePD/results/care_pd_full/gen_34/main.py
[evaluate] results_dir: /workspace/ShinkaEvolveCarePD/results/care_pd_full/gen_34/results
[evaluate] care_pd_dir: /workspace/CARE-PD
[evaluate] gpu:         CUDA  device=NVIDIA RTX A5000  vram=25.3GB  gpus=1
========================================================================
[evaluate] Loading dataset from /workspace/CARE-PD/assets/datasets/BMCLab.pkl ...
[evaluate] Dataset loaded in 0.54s
[evaluate] subjects=23  walks=781  label_dist={0:341, 1:276, 2:164}  folds=6
[evaluate] Pretrained checkpoints available:
  mixste: best_epoch_cpn_81f.bin (404.7MB)
  momask: opt.txt (0.0MB), .DS_Store (0.0MB), net_best_fid.tar (84.1MB)
  motionagformer: motionagformer-s-h36m.pth.tr (59.8MB)
  motionbert: motionbert.bin (170.0MB)
  motionbertlite: latest_epoch.bin (64.1MB)
  motionclip: motionclip_encoder_checkpoint_0100.pth.tar (77.9MB), .DS_Store (0.0MB)
  poseformerv2: 27_243_45.2.bin (172.8MB), 9_81_46.0.bin (172.5MB), .DS_Store (0.0MB)
  potr: pre-trained_NTU_ckpt_epoch_199_enc_80_dec_20.pt (26.5MB)
========================================================================
[evaluate] Importing genome ...
[evaluate] Import OK (29.92s)
[evaluate] Running run_evaluation() ...
[genome] checkpoint: 2/101 layers loaded from motionclip_encoder_checkpoint_0100.pth.tar
[genome] Path A: MotionCLIP features → MLP (device=cuda)
  fold 1: macro_f1=0.2338  f1=[normal:0.211, mild:0.420, severe:0.071]
[genome] checkpoint: 2/101 layers loaded from motionclip_encoder_checkpoint_0100.pth.tar
[genome] Path A: MotionCLIP features → MLP (device=cuda)
  fold 2: macro_f1=0.1975  f1=[normal:0.593, mild:0.000, severe:0.000]
[genome] checkpoint: 2/101 layers loaded from motionclip_encoder_checkpoint_0100.pth.tar
[genome] Path A: MotionCLIP features → MLP (device=cuda)
  fold 3: macro_f1=0.4413  f1=[normal:0.626, mild:0.698, severe:0.000]
[genome] checkpoint: 2/101 layers loaded from motionclip_encoder_checkpoint_0100.pth.tar
[genome] Path A: MotionCLIP features → MLP (device=cuda)
  fold 4: macro_f1=0.1229  f1=[normal:0.000, mild:0.000, severe:0.369]
[genome] checkpoint: 2/101 layers loaded from motionclip_encoder_checkpoint_0100.pth.tar
[genome] Path A: MotionCLIP features → MLP (device=cuda)
  fold 5: macro_f1=0.4433  f1=[normal:0.567, mild:0.563, severe:0.200]
[genome] checkpoint: 2/101 layers loaded from motionclip_encoder_checkpoint_0100.pth.tar
[genome] Path A: MotionCLIP features → MLP (device=cuda)
  fold 6: macro_f1=0.3803  f1=[normal:0.576, mild:0.000, severe:0.565]

[result] macro_f1=0.3792  f1_class=[normal:0.5049, mild:0.3974, severe:0.2353]  device=cuda
========================================================================
[evaluate] RESULTS — gen_34
  macro_f1        : 0.3792   (baseline 0.5650, LOSO SOTA 0.68)
  f1_class0_normal: 0.5049   (n=341 walks)
  f1_class1_mild  : 0.3974   (n=276 walks)
  f1_class2_severe: 0.2353   (n=164 walks)  ← clinically most important
  n_walks_total   : 781
  eval_time       : 439.0s
  confusion_matrix:
    pred→  [0]   [1]   [2]
    true[0] normal: [180, 46, 115]
    true[1] mild  : [119, 91, 66]
    true[2] severe: [73, 45, 46]
  per_fold_f1:
    fold 1: 0.2338  (test=159, train=622)
    fold 2: 0.1975  (test=122, train=659)
    fold 3: 0.4413  (test=143, train=638)
    fold 4: 0.1229  (test=115, train=666)
    fold 5: 0.4433  (test=135, train=646)
    fold 6: 0.3803  (test=107, train=674)
  pred_dist  : {0: 372, 1: 182, 2: 227}
  label_dist : {0: 341, 1: 276, 2: 164}
========================================================================
[evaluate] Leaderboard updated: /workspace/ShinkaEvolveCarePD/care_pd_task/leaderboard.csv
