========================================================================
[evaluate] genome:      gen_64
[evaluate] program:     /workspace/ShinkaEvolveCarePD/results/care_pd_full/gen_64/main.py
[evaluate] results_dir: /workspace/ShinkaEvolveCarePD/results/care_pd_full/gen_64/results
[evaluate] care_pd_dir: /workspace/CARE-PD
[evaluate] gpu:         CUDA  device=NVIDIA RTX A5000  vram=25.3GB  gpus=1
========================================================================
[evaluate] Loading dataset from /workspace/CARE-PD/assets/datasets/BMCLab.pkl ...
[evaluate] Dataset loaded in 0.11s
[evaluate] subjects=23  walks=781  label_dist={0:341, 1:276, 2:164}  folds=6
[evaluate] Pretrained checkpoints available:
  mixste: best_epoch_cpn_81f.bin (404.7MB)
  momask: opt.txt (0.0MB), .DS_Store (0.0MB), net_best_fid.tar (84.1MB)
  motionagformer: motionagformer-s-h36m.pth.tr (59.8MB)
  motionbert: motionbert.bin (170.0MB)
  motionbertlite: latest_epoch.bin (64.1MB)
  motionclip: motionclip_encoder_checkpoint_0100.pth.tar (77.9MB), .DS_Store (0.0MB)
  poseformerv2: 27_243_45.2.bin (172.8MB), 9_81_46.0.bin (172.5MB), .DS_Store (0.0MB)
  potr: pre-trained_NTU_ckpt_epoch_199_enc_80_dec_20.pt (26.5MB)
========================================================================
[evaluate] Importing genome ...
[evaluate] Import OK (8.38s)
[evaluate] Running run_evaluation() ...
[genome] Using class weights: {0: np.float64(0.6458982346832814), 1: np.float64(0.9467275494672754), 2: np.float64(3.034146341463414)}
[genome] Training distribution: [321 219  82]
[genome] Extracting gait features...
[genome] checkpoint: 2/101 layers loaded from motionclip_encoder_checkpoint_0100.pth.tar
[genome] Extracting MotionCLIP features...
[genome] Combined feature dimension: 2011
[genome] Training ensemble classifier...
  fold 1: macro_f1=0.4799  f1=[normal:0.465, mild:0.757, severe:0.217]
[genome] Using class weights: {0: np.float64(0.8893387314439946), 1: np.float64(0.8580729166666666), 2: np.float64(1.6897435897435897)}
[genome] Training distribution: [247 256 156]
[genome] Extracting gait features...
[genome] checkpoint: 2/101 layers loaded from motionclip_encoder_checkpoint_0100.pth.tar
[genome] Extracting MotionCLIP features...
[genome] Combined feature dimension: 2011
[genome] Training ensemble classifier...
  fold 2: macro_f1=0.4984  f1=[normal:0.903, mild:0.000, severe:0.593]
[genome] Using class weights: {0: np.float64(0.8179487179487179), 1: np.float64(0.9937694704049844), 2: np.float64(1.5560975609756096)}
[genome] Training distribution: [260 214 164]
[genome] Extracting gait features...
[genome] checkpoint: 2/101 layers loaded from motionclip_encoder_checkpoint_0100.pth.tar
[genome] Extracting MotionCLIP features...
[genome] Combined feature dimension: 2011
[genome] Training ensemble classifier...
  fold 3: macro_f1=0.5245  f1=[normal:0.800, mild:0.774, severe:0.000]
[genome] Using class weights: {0: np.float64(0.7161290322580646), 1: np.float64(1.018348623853211), 2: np.float64(1.9304347826086956)}
[genome] Training distribution: [310 218 138]
[genome] Extracting gait features...
[genome] checkpoint: 2/101 layers loaded from motionclip_encoder_checkpoint_0100.pth.tar
[genome] Extracting MotionCLIP features...
[genome] Combined feature dimension: 2011
[genome] Training ensemble classifier...
  fold 4: macro_f1=0.7693  f1=[normal:0.808, mild:0.806, severe:0.694]
[genome] Using class weights: {0: np.float64(0.8156565656565656), 1: np.float64(0.9241773962804005), 2: np.float64(1.7342281879194632)}
[genome] Training distribution: [264 233 149]
[genome] Extracting gait features...
[genome] checkpoint: 2/101 layers loaded from motionclip_encoder_checkpoint_0100.pth.tar
[genome] Extracting MotionCLIP features...
[genome] Combined feature dimension: 2011
[genome] Training ensemble classifier...
  fold 5: macro_f1=0.3997  f1=[normal:0.652, mild:0.547, severe:0.000]
[genome] Using class weights: {0: np.float64(0.7414741474147415), 1: np.float64(0.9361111111111111), 2: np.float64(2.0580152671755725)}
[genome] Training distribution: [303 240 131]
[genome] Extracting gait features...
[genome] checkpoint: 2/101 layers loaded from motionclip_encoder_checkpoint_0100.pth.tar
[genome] Extracting MotionCLIP features...
[genome] Combined feature dimension: 2011
[genome] Training ensemble classifier...
  fold 6: macro_f1=0.4408  f1=[normal:0.642, mild:0.000, severe:0.680]

[result] macro_f1=0.6168  f1_class=[normal:0.7420, mild:0.6473, severe:0.4610]  device=cuda
========================================================================
[evaluate] RESULTS — gen_64
  macro_f1        : 0.6168   (baseline 0.5650, LOSO SOTA 0.68)
  f1_class0_normal: 0.742   (n=341 walks)
  f1_class1_mild  : 0.6473   (n=276 walks)
  f1_class2_severe: 0.461   (n=164 walks)  ← clinically most important
  n_walks_total   : 781
  eval_time       : 1005.1s
  confusion_matrix:
    pred→  [0]   [1]   [2]
    true[0] normal: [266, 47, 28]
    true[1] mild  : [63, 178, 35]
    true[2] severe: [47, 49, 68]
  per_fold_f1:
    fold 1: 0.4799  (test=159, train=622)
    fold 2: 0.4984  (test=122, train=659)
    fold 3: 0.5245  (test=143, train=638)
    fold 4: 0.7693  (test=115, train=666)
    fold 5: 0.3997  (test=135, train=646)
    fold 6: 0.4408  (test=107, train=674)
  pred_dist  : {0: 376, 1: 274, 2: 131}
  label_dist : {0: 341, 1: 276, 2: 164}
========================================================================
[evaluate] Leaderboard updated: /workspace/ShinkaEvolveCarePD/care_pd_task/leaderboard.csv
