========================================================================
[evaluate] genome:      gen_15
[evaluate] program:     /workspace/ShinkaEvolveCarePD/results/care_pd_full/gen_15/main.py
[evaluate] results_dir: /workspace/ShinkaEvolveCarePD/results/care_pd_full/gen_15/results
[evaluate] care_pd_dir: /workspace/CARE-PD
[evaluate] gpu:         CUDA  device=NVIDIA RTX A5000  vram=25.3GB  gpus=1
========================================================================
[evaluate] Loading dataset from /workspace/CARE-PD/assets/datasets/BMCLab.pkl ...
[evaluate] Dataset loaded in 0.34s
[evaluate] subjects=23  walks=781  label_dist={0:341, 1:276, 2:164}  folds=6
[evaluate] Pretrained checkpoints available:
  mixste: best_epoch_cpn_81f.bin (404.7MB)
  momask: opt.txt (0.0MB), .DS_Store (0.0MB), net_best_fid.tar (84.1MB)
  motionagformer: motionagformer-s-h36m.pth.tr (59.8MB)
  motionbert: motionbert.bin (170.0MB)
  motionbertlite: latest_epoch.bin (64.1MB)
  motionclip: motionclip_encoder_checkpoint_0100.pth.tar (77.9MB), .DS_Store (0.0MB)
  poseformerv2: 27_243_45.2.bin (172.8MB), 9_81_46.0.bin (172.5MB), .DS_Store (0.0MB)
  potr: pre-trained_NTU_ckpt_epoch_199_enc_80_dec_20.pt (26.5MB)
========================================================================
[evaluate] Importing genome ...
[evaluate] Import OK (15.13s)
[evaluate] Running run_evaluation() ...
[genome] checkpoint: 2/101 layers loaded from motionclip_encoder_checkpoint_0100.pth.tar
[genome] Path A: MotionCLIP features → MLP (device=cuda)
  fold 1: macro_f1=0.3774  f1=[normal:0.000, mild:0.637, severe:0.495]
[genome] checkpoint: 2/101 layers loaded from motionclip_encoder_checkpoint_0100.pth.tar
[genome] Path A: MotionCLIP features → MLP (device=cuda)
  fold 2: macro_f1=0.1052  f1=[normal:0.293, mild:0.000, severe:0.023]
[genome] checkpoint: 2/101 layers loaded from motionclip_encoder_checkpoint_0100.pth.tar
[genome] Path A: MotionCLIP features → MLP (device=cuda)
  fold 3: macro_f1=0.2928  f1=[normal:0.400, mild:0.478, severe:0.000]
[genome] checkpoint: 2/101 layers loaded from motionclip_encoder_checkpoint_0100.pth.tar
[genome] Path A: MotionCLIP features → MLP (device=cuda)
  fold 4: macro_f1=0.2189  f1=[normal:0.000, mild:0.386, severe:0.270]
[genome] checkpoint: 2/101 layers loaded from motionclip_encoder_checkpoint_0100.pth.tar
[genome] Path A: MotionCLIP features → MLP (device=cuda)
  fold 5: macro_f1=0.2270  f1=[normal:0.026, mild:0.436, severe:0.219]
[genome] checkpoint: 2/101 layers loaded from motionclip_encoder_checkpoint_0100.pth.tar
[genome] Path A: MotionCLIP features → MLP (device=cuda)
  fold 6: macro_f1=0.3746  f1=[normal:0.667, mild:0.000, severe:0.457]

[result] macro_f1=0.3372  f1_class=[normal:0.3200, mild:0.4463, severe:0.2454]  device=cuda
========================================================================
[evaluate] RESULTS — gen_15
  macro_f1        : 0.3372   (baseline 0.5650, LOSO SOTA 0.68)
  f1_class0_normal: 0.32   (n=341 walks)
  f1_class1_mild  : 0.4463   (n=276 walks)
  f1_class2_severe: 0.2454   (n=164 walks)  ← clinically most important
  n_walks_total   : 781
  eval_time       : 435.6s
  confusion_matrix:
    pred→  [0]   [1]   [2]
    true[0] normal: [76, 37, 228]
    true[1] mild  : [31, 108, 137]
    true[2] severe: [27, 63, 74]
  per_fold_f1:
    fold 1: 0.3774  (test=159, train=622)
    fold 2: 0.1052  (test=122, train=659)
    fold 3: 0.2928  (test=143, train=638)
    fold 4: 0.2189  (test=115, train=666)
    fold 5: 0.2270  (test=135, train=646)
    fold 6: 0.3746  (test=107, train=674)
  pred_dist  : {0: 134, 1: 208, 2: 439}
  label_dist : {0: 341, 1: 276, 2: 164}
========================================================================
[evaluate] Leaderboard updated: /workspace/ShinkaEvolveCarePD/care_pd_task/leaderboard.csv
