========================================================================
[evaluate] genome:      gen_33
[evaluate] program:     /workspace/ShinkaEvolveCarePD/results/care_pd_full/gen_33/main.py
[evaluate] results_dir: /workspace/ShinkaEvolveCarePD/results/care_pd_full/gen_33/results
[evaluate] care_pd_dir: /workspace/CARE-PD
[evaluate] gpu:         CUDA  device=NVIDIA RTX A5000  vram=25.3GB  gpus=1
========================================================================
[evaluate] Loading dataset from /workspace/CARE-PD/assets/datasets/BMCLab.pkl ...
[evaluate] Dataset loaded in 0.47s
[evaluate] subjects=23  walks=781  label_dist={0:341, 1:276, 2:164}  folds=6
[evaluate] Pretrained checkpoints available:
  mixste: best_epoch_cpn_81f.bin (404.7MB)
  momask: opt.txt (0.0MB), .DS_Store (0.0MB), net_best_fid.tar (84.1MB)
  motionagformer: motionagformer-s-h36m.pth.tr (59.8MB)
  motionbert: motionbert.bin (170.0MB)
  motionbertlite: latest_epoch.bin (64.1MB)
  motionclip: motionclip_encoder_checkpoint_0100.pth.tar (77.9MB), .DS_Store (0.0MB)
  poseformerv2: 27_243_45.2.bin (172.8MB), 9_81_46.0.bin (172.5MB), .DS_Store (0.0MB)
  potr: pre-trained_NTU_ckpt_epoch_199_enc_80_dec_20.pt (26.5MB)
========================================================================
[evaluate] Importing genome ...
[evaluate] Import OK (22.31s)
[evaluate] Running run_evaluation() ...
[genome] Extracting handcrafted gait features...
[genome] checkpoint: 2/101 layers loaded from motionclip_encoder_checkpoint_0100.pth.tar
[genome] Adding MotionCLIP features (device=cuda)
[genome] Combined features: 1707 dims
[genome] Training stacking ensemble (RF+GB + LogisticRegression meta) on 1707-dim features
  fold 1: macro_f1=0.3414  f1=[normal:0.053, mild:0.716, severe:0.255]
[genome] Extracting handcrafted gait features...
[genome] checkpoint: 2/101 layers loaded from motionclip_encoder_checkpoint_0100.pth.tar
[genome] Adding MotionCLIP features (device=cuda)
[genome] Combined features: 1707 dims
[genome] Training stacking ensemble (RF+GB + LogisticRegression meta) on 1707-dim features
  fold 2: macro_f1=0.5282  f1=[normal:0.889, mild:0.000, severe:0.696]
[genome] Extracting handcrafted gait features...
[genome] checkpoint: 2/101 layers loaded from motionclip_encoder_checkpoint_0100.pth.tar
[genome] Adding MotionCLIP features (device=cuda)
[genome] Combined features: 1707 dims
[genome] Training stacking ensemble (RF+GB + LogisticRegression meta) on 1707-dim features
  fold 3: macro_f1=0.5189  f1=[normal:0.764, mild:0.792, severe:0.000]
[genome] Extracting handcrafted gait features...
[genome] checkpoint: 2/101 layers loaded from motionclip_encoder_checkpoint_0100.pth.tar
[genome] Adding MotionCLIP features (device=cuda)
[genome] Combined features: 1707 dims
[genome] Training stacking ensemble (RF+GB + LogisticRegression meta) on 1707-dim features
  fold 4: macro_f1=0.6793  f1=[normal:0.815, mild:0.661, severe:0.562]
[genome] Extracting handcrafted gait features...
[genome] checkpoint: 2/101 layers loaded from motionclip_encoder_checkpoint_0100.pth.tar
[genome] Adding MotionCLIP features (device=cuda)
[genome] Combined features: 1707 dims
[genome] Training stacking ensemble (RF+GB + LogisticRegression meta) on 1707-dim features
  fold 5: macro_f1=0.3723  f1=[normal:0.642, mild:0.475, severe:0.000]
[genome] Extracting handcrafted gait features...
[genome] checkpoint: 2/101 layers loaded from motionclip_encoder_checkpoint_0100.pth.tar
[genome] Adding MotionCLIP features (device=cuda)
[genome] Combined features: 1707 dims
[genome] Training stacking ensemble (RF+GB + LogisticRegression meta) on 1707-dim features
  fold 6: macro_f1=0.4484  f1=[normal:0.651, mild:0.000, severe:0.695]

[result] macro_f1=0.5770  f1_class=[normal:0.6894, mild:0.5893, severe:0.4522]  device=cuda
========================================================================
[evaluate] RESULTS — gen_33
  macro_f1        : 0.5770   (baseline 0.5650, LOSO SOTA 0.68)
  f1_class0_normal: 0.6894   (n=341 walks)
  f1_class1_mild  : 0.5893   (n=276 walks)
  f1_class2_severe: 0.4522   (n=164 walks)  ← clinically most important
  n_walks_total   : 781
  eval_time       : 3252.7s
  confusion_matrix:
    pred→  [0]   [1]   [2]
    true[0] normal: [243, 65, 33]
    true[1] mild  : [70, 160, 46]
    true[2] severe: [51, 42, 71]
  per_fold_f1:
    fold 1: 0.3414  (test=159, train=622)
    fold 2: 0.5282  (test=122, train=659)
    fold 3: 0.5189  (test=143, train=638)
    fold 4: 0.6793  (test=115, train=666)
    fold 5: 0.3723  (test=135, train=646)
    fold 6: 0.4484  (test=107, train=674)
  pred_dist  : {0: 364, 1: 267, 2: 150}
  label_dist : {0: 341, 1: 276, 2: 164}
========================================================================
[evaluate] Leaderboard updated: /workspace/ShinkaEvolveCarePD/care_pd_task/leaderboard.csv
