========================================================================
[evaluate] genome:      gen_84
[evaluate] program:     /workspace/ShinkaEvolveCarePD/results/care_pd_full/gen_84/main.py
[evaluate] results_dir: /workspace/ShinkaEvolveCarePD/results/care_pd_full/gen_84/results
[evaluate] care_pd_dir: /workspace/CARE-PD
[evaluate] gpu:         CUDA  device=NVIDIA RTX A5000  vram=25.3GB  gpus=1
========================================================================
[evaluate] Loading dataset from /workspace/CARE-PD/assets/datasets/BMCLab.pkl ...
[evaluate] Dataset loaded in 0.30s
[evaluate] subjects=23  walks=781  label_dist={0:341, 1:276, 2:164}  folds=6
[evaluate] Pretrained checkpoints available:
  mixste: best_epoch_cpn_81f.bin (404.7MB)
  momask: opt.txt (0.0MB), .DS_Store (0.0MB), net_best_fid.tar (84.1MB)
  motionagformer: motionagformer-s-h36m.pth.tr (59.8MB)
  motionbert: motionbert.bin (170.0MB)
  motionbertlite: latest_epoch.bin (64.1MB)
  motionclip: motionclip_encoder_checkpoint_0100.pth.tar (77.9MB), .DS_Store (0.0MB)
  poseformerv2: 27_243_45.2.bin (172.8MB), 9_81_46.0.bin (172.5MB), .DS_Store (0.0MB)
  potr: pre-trained_NTU_ckpt_epoch_199_enc_80_dec_20.pt (26.5MB)
========================================================================
[evaluate] Importing genome ...
[evaluate] Import OK (10.06s)
[evaluate] Running run_evaluation() ...
[genome] Extracting handcrafted gait features...
[evaluate] RUN_EVALUATION FAILED after 0.19s
Traceback (most recent call last):
  File "/workspace/ShinkaEvolveCarePD/results/care_pd_full/evaluate.py", line 211, in main
    result = mod.run_evaluation(data=data, folds=folds, care_pd_dir=_CARE_PD)
             ^^^^^^^^^^^^^^^^^^^^^^^^^^^^^^^^^^^^^^^^^^^^^^^^^^^^^^^^^^^^^^^^
  File "/workspace/ShinkaEvolveCarePD/results/care_pd_full/gen_84/main.py", line 532, in run_evaluation
    preds = train_and_predict(tr_poses, y_tr, te_poses, care_pd_dir=care_pd_dir)
            ^^^^^^^^^^^^^^^^^^^^^^^^^^^^^^^^^^^^^^^^^^^^^^^^^^^^^^^^^^^^^^^^^^^^
  File "/workspace/ShinkaEvolveCarePD/results/care_pd_full/gen_84/main.py", line 477, in train_and_predict
    X_train_gait = np.stack([extract_gait_features(p) for p in train_poses])
                            ^^^^^^^^^^^^^^^^^^^^^^^^^^^^^^^^^^^^^^^^^^^^^^^
  File "/workspace/ShinkaEvolveCarePD/results/care_pd_full/gen_84/main.py", line 477, in <listcomp>
    X_train_gait = np.stack([extract_gait_features(p) for p in train_poses])
                             ^^^^^^^^^^^^^^^^^^^^^^^^
  File "/workspace/ShinkaEvolveCarePD/results/care_pd_full/gen_84/main.py", line 319, in extract_gait_features
    dominant_freq = freqs[gait_mask][np.argmax(fft_mag[gait_mask])]
                                               ~~~~~~~^^^^^^^^^^^
IndexError: boolean index did not match indexed array along axis 0; size of axis is 56 but size of corresponding boolean axis is 222

