========================================================================
[evaluate] genome:      gen_63
[evaluate] program:     /workspace/ShinkaEvolveCarePD/results/care_pd_full/gen_63/main.py
[evaluate] results_dir: /workspace/ShinkaEvolveCarePD/results/care_pd_full/gen_63/results
[evaluate] care_pd_dir: /workspace/CARE-PD
[evaluate] gpu:         CUDA  device=NVIDIA RTX A5000  vram=25.3GB  gpus=1
========================================================================
[evaluate] Loading dataset from /workspace/CARE-PD/assets/datasets/BMCLab.pkl ...
[evaluate] Dataset loaded in 0.40s
[evaluate] subjects=23  walks=781  label_dist={0:341, 1:276, 2:164}  folds=6
[evaluate] Pretrained checkpoints available:
  mixste: best_epoch_cpn_81f.bin (404.7MB)
  momask: opt.txt (0.0MB), .DS_Store (0.0MB), net_best_fid.tar (84.1MB)
  motionagformer: motionagformer-s-h36m.pth.tr (59.8MB)
  motionbert: motionbert.bin (170.0MB)
  motionbertlite: latest_epoch.bin (64.1MB)
  motionclip: motionclip_encoder_checkpoint_0100.pth.tar (77.9MB), .DS_Store (0.0MB)
  poseformerv2: 27_243_45.2.bin (172.8MB), 9_81_46.0.bin (172.5MB), .DS_Store (0.0MB)
  potr: pre-trained_NTU_ckpt_epoch_199_enc_80_dec_20.pt (26.5MB)
========================================================================
[evaluate] Importing genome ...
[evaluate] Import OK (11.90s)
[evaluate] Running run_evaluation() ...
[genome] Extracting physics-informed gait features...
[genome] Training sklearn voting ensemble on 25-dim features
  fold 1: macro_f1=0.4133  f1=[normal:0.453, mild:0.586, severe:0.200]
[genome] Extracting physics-informed gait features...
[genome] Training sklearn voting ensemble on 25-dim features
  fold 2: macro_f1=0.7743  f1=[normal:0.897, mild:0.537, severe:0.889]
[genome] Extracting physics-informed gait features...
[genome] Training sklearn voting ensemble on 25-dim features
  fold 3: macro_f1=0.3312  f1=[normal:0.545, mild:0.448, severe:0.000]
[genome] Extracting physics-informed gait features...
[genome] Training sklearn voting ensemble on 25-dim features
  fold 4: macro_f1=0.5395  f1=[normal:0.505, mild:0.286, severe:0.828]
[genome] Extracting physics-informed gait features...
[genome] Training sklearn voting ensemble on 25-dim features
  fold 5: macro_f1=0.3184  f1=[normal:0.569, mild:0.386, severe:0.000]
[genome] Extracting physics-informed gait features...
[genome] Training sklearn voting ensemble on 25-dim features
  fold 6: macro_f1=0.7414  f1=[normal:0.649, mild:0.648, severe:0.928]

[result] macro_f1=0.5492  f1_class=[normal:0.6361, mild:0.4777, severe:0.5338]  device=cuda
========================================================================
[evaluate] RESULTS — gen_63
  macro_f1        : 0.5492   (baseline 0.5650, LOSO SOTA 0.68)
  f1_class0_normal: 0.6361   (n=341 walks)
  f1_class1_mild  : 0.4777   (n=276 walks)
  f1_class2_severe: 0.5338   (n=164 walks)  ← clinically most important
  n_walks_total   : 781
  eval_time       : 74.4s
  confusion_matrix:
    pred→  [0]   [1]   [2]
    true[0] normal: [229, 103, 9]
    true[1] mild  : [109, 134, 33]
    true[2] severe: [41, 48, 75]
  per_fold_f1:
    fold 1: 0.4133  (test=159, train=622)
    fold 2: 0.7743  (test=122, train=659)
    fold 3: 0.3312  (test=143, train=638)
    fold 4: 0.5395  (test=115, train=666)
    fold 5: 0.3184  (test=135, train=646)
    fold 6: 0.7414  (test=107, train=674)
  pred_dist  : {0: 379, 1: 285, 2: 117}
  label_dist : {0: 341, 1: 276, 2: 164}
========================================================================
[evaluate] Leaderboard updated: /workspace/ShinkaEvolveCarePD/care_pd_task/leaderboard.csv
