========================================================================
[evaluate] genome:      gen_89
[evaluate] program:     /workspace/ShinkaEvolveCarePD/results/care_pd_full/gen_89/main.py
[evaluate] results_dir: /workspace/ShinkaEvolveCarePD/results/care_pd_full/gen_89/results
[evaluate] care_pd_dir: /workspace/CARE-PD
[evaluate] gpu:         CUDA  device=NVIDIA RTX A5000  vram=25.3GB  gpus=1
========================================================================
[evaluate] Loading dataset from /workspace/CARE-PD/assets/datasets/BMCLab.pkl ...
[evaluate] Dataset loaded in 0.38s
[evaluate] subjects=23  walks=781  label_dist={0:341, 1:276, 2:164}  folds=6
[evaluate] Pretrained checkpoints available:
  mixste: best_epoch_cpn_81f.bin (404.7MB)
  momask: opt.txt (0.0MB), .DS_Store (0.0MB), net_best_fid.tar (84.1MB)
  motionagformer: motionagformer-s-h36m.pth.tr (59.8MB)
  motionbert: motionbert.bin (170.0MB)
  motionbertlite: latest_epoch.bin (64.1MB)
  motionclip: motionclip_encoder_checkpoint_0100.pth.tar (77.9MB), .DS_Store (0.0MB)
  poseformerv2: 27_243_45.2.bin (172.8MB), 9_81_46.0.bin (172.5MB), .DS_Store (0.0MB)
  potr: pre-trained_NTU_ckpt_epoch_199_enc_80_dec_20.pt (26.5MB)
========================================================================
[evaluate] Importing genome ...
[evaluate] Import OK (9.88s)
[evaluate] Running run_evaluation() ...
[genome] Extracting 1389-dim gait features + severe-PD extensions
[genome] Training RF(300)+GB(200) soft-voting ensemble on 1621-dim features
  fold 1: macro_f1=0.4360  f1=[normal:0.444, mild:0.697, severe:0.167]
[genome] Extracting 1389-dim gait features + severe-PD extensions
[genome] Training RF(300)+GB(200) soft-voting ensemble on 1621-dim features
  fold 2: macro_f1=0.4742  f1=[normal:0.952, mild:0.000, severe:0.471]
[genome] Extracting 1389-dim gait features + severe-PD extensions
[genome] Training RF(300)+GB(200) soft-voting ensemble on 1621-dim features
  fold 3: macro_f1=0.5514  f1=[normal:0.866, mild:0.788, severe:0.000]
[genome] Extracting 1389-dim gait features + severe-PD extensions
[genome] Training RF(300)+GB(200) soft-voting ensemble on 1621-dim features
  fold 4: macro_f1=0.6225  f1=[normal:0.755, mild:0.531, severe:0.582]
[genome] Extracting 1389-dim gait features + severe-PD extensions
[genome] Training RF(300)+GB(200) soft-voting ensemble on 1621-dim features
  fold 5: macro_f1=0.4751  f1=[normal:0.742, mild:0.683, severe:0.000]
[genome] Extracting 1389-dim gait features + severe-PD extensions
[genome] Training RF(300)+GB(200) soft-voting ensemble on 1621-dim features
  fold 6: macro_f1=0.4373  f1=[normal:0.610, mild:0.000, severe:0.702]

[result] macro_f1=0.6003  f1_class=[normal:0.7740, mild:0.5985, severe:0.4286]  device=cuda
========================================================================
[evaluate] RESULTS — gen_89
  macro_f1        : 0.6003   (baseline 0.5650, LOSO SOTA 0.68)
  f1_class0_normal: 0.774   (n=341 walks)
  f1_class1_mild  : 0.5985   (n=276 walks)
  f1_class2_severe: 0.4286   (n=164 walks)  ← clinically most important
  n_walks_total   : 781
  eval_time       : 836.2s
  confusion_matrix:
    pred→  [0]   [1]   [2]
    true[0] normal: [274, 45, 22]
    true[1] mild  : [43, 155, 78]
    true[2] severe: [50, 42, 72]
  per_fold_f1:
    fold 1: 0.4360  (test=159, train=622)
    fold 2: 0.4742  (test=122, train=659)
    fold 3: 0.5514  (test=143, train=638)
    fold 4: 0.6225  (test=115, train=666)
    fold 5: 0.4751  (test=135, train=646)
    fold 6: 0.4373  (test=107, train=674)
  pred_dist  : {0: 367, 1: 242, 2: 172}
  label_dist : {0: 341, 1: 276, 2: 164}
========================================================================
[evaluate] Leaderboard updated: /workspace/ShinkaEvolveCarePD/care_pd_task/leaderboard.csv
