========================================================================
[evaluate] genome:      gen_18
[evaluate] program:     /workspace/ShinkaEvolveCarePD/results/care_pd_full/gen_18/main.py
[evaluate] results_dir: /workspace/ShinkaEvolveCarePD/results/care_pd_full/gen_18/results
[evaluate] care_pd_dir: /workspace/CARE-PD
[evaluate] gpu:         CUDA  device=NVIDIA RTX A5000  vram=25.3GB  gpus=1
========================================================================
[evaluate] Loading dataset from /workspace/CARE-PD/assets/datasets/BMCLab.pkl ...
[evaluate] Dataset loaded in 0.20s
[evaluate] subjects=23  walks=781  label_dist={0:341, 1:276, 2:164}  folds=6
[evaluate] Pretrained checkpoints available:
  mixste: best_epoch_cpn_81f.bin (404.7MB)
  momask: opt.txt (0.0MB), .DS_Store (0.0MB), net_best_fid.tar (84.1MB)
  motionagformer: motionagformer-s-h36m.pth.tr (59.8MB)
  motionbert: motionbert.bin (170.0MB)
  motionbertlite: latest_epoch.bin (64.1MB)
  motionclip: motionclip_encoder_checkpoint_0100.pth.tar (77.9MB), .DS_Store (0.0MB)
  poseformerv2: 27_243_45.2.bin (172.8MB), 9_81_46.0.bin (172.5MB), .DS_Store (0.0MB)
  potr: pre-trained_NTU_ckpt_epoch_199_enc_80_dec_20.pt (26.5MB)
========================================================================
[evaluate] Importing genome ...
[evaluate] Import OK (14.84s)
[evaluate] Running run_evaluation() ...
[genome] checkpoint: 2/101 layers loaded from motionclip_encoder_checkpoint_0100.pth.tar
[genome] Path A: MotionCLIP frozen features → MLP  (device=cuda)
  fold 1: macro_f1=0.2260  f1=[normal:0.000, mild:0.470, severe:0.208]
[genome] checkpoint: 2/101 layers loaded from motionclip_encoder_checkpoint_0100.pth.tar
[genome] Path A: MotionCLIP frozen features → MLP  (device=cuda)
  fold 2: macro_f1=0.0769  f1=[normal:0.210, mild:0.000, severe:0.021]
[genome] checkpoint: 2/101 layers loaded from motionclip_encoder_checkpoint_0100.pth.tar
[genome] Path A: MotionCLIP frozen features → MLP  (device=cuda)
  fold 3: macro_f1=0.2222  f1=[normal:0.000, mild:0.667, severe:0.000]
[genome] checkpoint: 2/101 layers loaded from motionclip_encoder_checkpoint_0100.pth.tar
[genome] Path A: MotionCLIP frozen features → MLP  (device=cuda)
  fold 4: macro_f1=0.1229  f1=[normal:0.000, mild:0.000, severe:0.369]
[genome] checkpoint: 2/101 layers loaded from motionclip_encoder_checkpoint_0100.pth.tar
[genome] Path A: MotionCLIP frozen features → MLP  (device=cuda)
  fold 5: macro_f1=0.2144  f1=[normal:0.412, mild:0.000, severe:0.231]
[genome] checkpoint: 2/101 layers loaded from motionclip_encoder_checkpoint_0100.pth.tar
[genome] Path A: MotionCLIP frozen features → MLP  (device=cuda)
  fold 6: macro_f1=0.1460  f1=[normal:0.000, mild:0.000, severe:0.438]

[result] macro_f1=0.2370  f1_class=[normal:0.1449, mild:0.3281, severe:0.2380]  device=cuda
========================================================================
[evaluate] RESULTS — gen_18
  macro_f1        : 0.2370   (baseline 0.5650, LOSO SOTA 0.68)
  f1_class0_normal: 0.1449   (n=341 walks)
  f1_class1_mild  : 0.3281   (n=276 walks)
  f1_class2_severe: 0.238   (n=164 walks)  ← clinically most important
  n_walks_total   : 781
  eval_time       : 251.7s
  confusion_matrix:
    pred→  [0]   [1]   [2]
    true[0] normal: [31, 52, 258]
    true[1] mild  : [18, 73, 185]
    true[2] severe: [38, 44, 82]
  per_fold_f1:
    fold 1: 0.2260  (test=159, train=622)
    fold 2: 0.0769  (test=122, train=659)
    fold 3: 0.2222  (test=143, train=638)
    fold 4: 0.1229  (test=115, train=666)
    fold 5: 0.2144  (test=135, train=646)
    fold 6: 0.1460  (test=107, train=674)
  pred_dist  : {0: 87, 1: 169, 2: 525}
  label_dist : {0: 341, 1: 276, 2: 164}
========================================================================
[evaluate] Leaderboard updated: /workspace/ShinkaEvolveCarePD/care_pd_task/leaderboard.csv
